e:\csgo hacks\l\ayyware csgo\release\chams.obj
e:\csgo hacks\l\ayyware csgo\release\crc32.obj
e:\csgo hacks\l\ayyware csgo\release\dumping.obj
e:\csgo hacks\l\ayyware csgo\release\hacks.obj
e:\csgo hacks\l\ayyware csgo\release\reflectiveloader.obj
e:\csgo hacks\l\ayyware csgo\release\mathfunctions.obj
e:\csgo hacks\l\ayyware csgo\release\mischacks.obj
e:\csgo hacks\l\ayyware csgo\release\ragebot.obj
e:\csgo hacks\l\ayyware csgo\release\tinyxml2.obj
e:\csgo hacks\l\ayyware csgo\release\utilities.obj
e:\csgo hacks\l\ayyware csgo\release\antiantiaim.obj
e:\csgo hacks\l\ayyware csgo\release\dllmain.obj
e:\csgo hacks\l\ayyware csgo\release\gui.obj
e:\csgo hacks\l\ayyware csgo\release\legitbot.obj
e:\csgo hacks\l\ayyware csgo\release\netvarmanager.obj
e:\csgo hacks\l\ayyware csgo\release\rendermanager.obj
e:\csgo hacks\l\ayyware csgo\release\util functions.obj
e:\csgo hacks\l\ayyware csgo\release\skins.obj
e:\csgo hacks\l\ayyware csgo\release\interfaces.obj
e:\csgo hacks\l\ayyware csgo\release\metainfo.obj
e:\csgo hacks\l\ayyware csgo\release\netvars.obj
e:\csgo hacks\l\ayyware csgo\release\resolver.obj
e:\csgo hacks\l\ayyware csgo\release\visual.obj
e:\csgo hacks\l\ayyware csgo\release\autowall.obj
e:\csgo hacks\l\ayyware csgo\release\controls.obj
e:\csgo hacks\l\ayyware csgo\release\hooks.obj
e:\csgo hacks\l\ayyware csgo\release\menu.obj
e:\csgo hacks\l\ayyware csgo\release\nosmoke.obj
e:\csgo hacks\l\ayyware csgo\release\offsets.obj
e:\csgo hacks\l\ayyware csgo\release\spoofedconvar.obj
e:\csgo hacks\l\ayyware csgo\release\window.obj
e:\csgo hacks\l\ayyware csgo\release\esp.obj
e:\csgo hacks\l\ayyware csgo\release\vc140.pdb
e:\csgo hacks\l\release\apocalypse.pdb
e:\csgo hacks\l\ayyware csgo\release\apocalypse.tlog\cl.command.1.tlog
e:\csgo hacks\l\ayyware csgo\release\apocalypse.tlog\cl.read.1.tlog
e:\csgo hacks\l\ayyware csgo\release\apocalypse.tlog\cl.write.1.tlog
e:\csgo hacks\l\ayyware csgo\release\apocalypse.tlog\link-cvtres.read.1.tlog
e:\csgo hacks\l\ayyware csgo\release\apocalypse.tlog\link-cvtres.write.1.tlog
e:\csgo hacks\l\ayyware csgo\release\apocalypse.tlog\link-rc.read.1.tlog
e:\csgo hacks\l\ayyware csgo\release\apocalypse.tlog\link-rc.write.1.tlog
e:\csgo hacks\l\ayyware csgo\release\apocalypse.tlog\link.command.1.tlog
e:\csgo hacks\l\ayyware csgo\release\apocalypse.tlog\link.read.1.tlog
e:\csgo hacks\l\ayyware csgo\release\apocalypse.tlog\link.write.1.tlog
