C:\Program Files (x86)\MSBuild\Microsoft.Cpp\v4.0\V140\Microsoft.CppBuild.targets(392,5): warning MSB8028: The intermediate directory (Release\) contains files shared from another project (AYYWARE CSGO.vcxproj).  This can lead to incorrect clean and rebuild behavior.
  AntiAntiAim.cpp
  Autowall.cpp
  Chams.cpp
  Controls.cpp
c:\users\xboom\desktop\ac fixed\ayyware csgo\apocalysecheatssc\ayyware csgo\Entities.h(780): error C2504: 'IClientUnknown': base class undefined (compiling source file Autowall.cpp)
c:\users\xboom\desktop\ac fixed\ayyware csgo\apocalysecheatssc\ayyware csgo\Entities.h(780): error C2504: 'IClientRenderable': base class undefined (compiling source file Autowall.cpp)
c:\users\xboom\desktop\ac fixed\ayyware csgo\apocalysecheatssc\ayyware csgo\Entities.h(780): error C2504: 'IClientNetworkable': base class undefined (compiling source file Autowall.cpp)
c:\users\xboom\desktop\ac fixed\ayyware csgo\apocalysecheatssc\ayyware csgo\Entities.h(788): error C2440: 'return': cannot convert from 'PDWORD' to 'DWORD' (compiling source file Autowall.cpp)
  c:\users\xboom\desktop\ac fixed\ayyware csgo\apocalysecheatssc\ayyware csgo\Entities.h(788): note: There is no context in which this conversion is possible (compiling source file Autowall.cpp)
c:\users\xboom\desktop\ac fixed\ayyware csgo\apocalysecheatssc\ayyware csgo\Entities.h(792): error C2440: 'return': cannot convert from 'PDWORD' to 'DWORD' (compiling source file Autowall.cpp)
  c:\users\xboom\desktop\ac fixed\ayyware csgo\apocalysecheatssc\ayyware csgo\Entities.h(792): note: There is no context in which this conversion is possible (compiling source file Autowall.cpp)
c:\users\xboom\desktop\ac fixed\ayyware csgo\apocalysecheatssc\ayyware csgo\Entities.h(795): error C2664: 'void (void *,const char *,IClientUnknown *)': cannot convert argument 3 from 'IClientUnknown' to 'IClientUnknown *' (compiling source file Autowall.cpp)
  c:\users\xboom\desktop\ac fixed\ayyware csgo\apocalysecheatssc\ayyware csgo\Entities.h(795): note: use of undefined type 'IClientUnknown' (compiling source file Autowall.cpp)
  c:\users\xboom\desktop\ac fixed\ayyware csgo\apocalysecheatssc\ayyware csgo\Entities.h(30): note: see declaration of 'IClientUnknown' (compiling source file Autowall.cpp)
c:\users\xboom\desktop\ac fixed\ayyware csgo\apocalysecheatssc\ayyware csgo\Entities.h(795): error C2664: 'void (void *,const char *,IClientUnknown *)': cannot convert argument 2 from 'const char' to 'const char *' (compiling source file Autowall.cpp)
  c:\users\xboom\desktop\ac fixed\ayyware csgo\apocalysecheatssc\ayyware csgo\Entities.h(795): note: Conversion from integral type to pointer type requires reinterpret_cast, C-style cast or function-style cast (compiling source file Autowall.cpp)
c:\users\xboom\desktop\ac fixed\ayyware csgo\apocalysecheatssc\ayyware csgo\Entities.h(780): error C2504: 'IClientUnknown': base class undefined (compiling source file AntiAntiAim.cpp)
c:\users\xboom\desktop\ac fixed\ayyware csgo\apocalysecheatssc\ayyware csgo\Entities.h(780): error C2504: 'IClientRenderable': base class undefined (compiling source file AntiAntiAim.cpp)
c:\users\xboom\desktop\ac fixed\ayyware csgo\apocalysecheatssc\ayyware csgo\Entities.h(780): error C2504: 'IClientNetworkable': base class undefined (compiling source file AntiAntiAim.cpp)
c:\users\xboom\desktop\ac fixed\ayyware csgo\apocalysecheatssc\ayyware csgo\Entities.h(788): error C2440: 'return': cannot convert from 'PDWORD' to 'DWORD' (compiling source file AntiAntiAim.cpp)
  c:\users\xboom\desktop\ac fixed\ayyware csgo\apocalysecheatssc\ayyware csgo\Entities.h(788): note: There is no context in which this conversion is possible (compiling source file AntiAntiAim.cpp)
c:\users\xboom\desktop\ac fixed\ayyware csgo\apocalysecheatssc\ayyware csgo\Entities.h(792): error C2440: 'return': cannot convert from 'PDWORD' to 'DWORD' (compiling source file AntiAntiAim.cpp)
  c:\users\xboom\desktop\ac fixed\ayyware csgo\apocalysecheatssc\ayyware csgo\Entities.h(792): note: There is no context in which this conversion is possible (compiling source file AntiAntiAim.cpp)
c:\users\xboom\desktop\ac fixed\ayyware csgo\apocalysecheatssc\ayyware csgo\Entities.h(795): error C2664: 'void (void *,const char *,IClientUnknown *)': cannot convert argument 3 from 'IClientUnknown' to 'IClientUnknown *' (compiling source file AntiAntiAim.cpp)
  c:\users\xboom\desktop\ac fixed\ayyware csgo\apocalysecheatssc\ayyware csgo\Entities.h(795): note: use of undefined type 'IClientUnknown' (compiling source file AntiAntiAim.cpp)
  c:\users\xboom\desktop\ac fixed\ayyware csgo\apocalysecheatssc\ayyware csgo\Entities.h(30): note: see declaration of 'IClientUnknown' (compiling source file AntiAntiAim.cpp)
c:\users\xboom\desktop\ac fixed\ayyware csgo\apocalysecheatssc\ayyware csgo\Entities.h(795): error C2664: 'void (void *,const char *,IClientUnknown *)': cannot convert argument 2 from 'const char' to 'const char *' (compiling source file AntiAntiAim.cpp)
  c:\users\xboom\desktop\ac fixed\ayyware csgo\apocalysecheatssc\ayyware csgo\Entities.h(795): note: Conversion from integral type to pointer type requires reinterpret_cast, C-style cast or function-style cast (compiling source file AntiAntiAim.cpp)
c:\users\xboom\desktop\ac fixed\ayyware csgo\apocalysecheatssc\ayyware csgo\Materials.h(227): error C2860: 'void' cannot be an argument type, except for '(void)' (compiling source file Autowall.cpp)
c:\users\xboom\desktop\ac fixed\ayyware csgo\apocalysecheatssc\ayyware csgo\Materials.h(227): error C3865: '__thiscall': can only be used on native member functions (compiling source file Autowall.cpp)
c:\users\xboom\desktop\ac fixed\ayyware csgo\apocalysecheatssc\ayyware csgo\Materials.h(227): error C2860: 'void' cannot be an argument type, except for '(void)' (compiling source file AntiAntiAim.cpp)
c:\users\xboom\desktop\ac fixed\ayyware csgo\apocalysecheatssc\ayyware csgo\Materials.h(227): error C2672: 'GetVirtualFunction': no matching overloaded function found (compiling source file Autowall.cpp)
c:\users\xboom\desktop\ac fixed\ayyware csgo\apocalysecheatssc\ayyware csgo\Materials.h(227): error C3865: '__thiscall': can only be used on native member functions (compiling source file AntiAntiAim.cpp)
c:\users\xboom\desktop\ac fixed\ayyware csgo\apocalysecheatssc\ayyware csgo\Materials.h(227): error C2770: invalid explicit template argument(s) for 'Fn GetVirtualFunction(void *,int)' (compiling source file Autowall.cpp)
  c:\users\xboom\desktop\ac fixed\ayyware csgo\apocalysecheatssc\ayyware csgo\Materials.h(217): note: see declaration of 'GetVirtualFunction' (compiling source file Autowall.cpp)
c:\users\xboom\desktop\ac fixed\ayyware csgo\apocalysecheatssc\ayyware csgo\Materials.h(227): error C2672: 'GetVirtualFunction': no matching overloaded function found (compiling source file AntiAntiAim.cpp)
c:\users\xboom\desktop\ac fixed\ayyware csgo\apocalysecheatssc\ayyware csgo\Materials.h(227): error C2770: invalid explicit template argument(s) for 'Fn GetVirtualFunction(void *,int)' (compiling source file AntiAntiAim.cpp)
  c:\users\xboom\desktop\ac fixed\ayyware csgo\apocalysecheatssc\ayyware csgo\Materials.h(217): note: see declaration of 'GetVirtualFunction' (compiling source file AntiAntiAim.cpp)
c:\users\xboom\desktop\ac fixed\ayyware csgo\apocalysecheatssc\ayyware csgo\Entities.h(780): error C2504: 'IClientUnknown': base class undefined (compiling source file Chams.cpp)
c:\users\xboom\desktop\ac fixed\ayyware csgo\apocalysecheatssc\ayyware csgo\Entities.h(780): error C2504: 'IClientRenderable': base class undefined (compiling source file Chams.cpp)
c:\users\xboom\desktop\ac fixed\ayyware csgo\apocalysecheatssc\ayyware csgo\Entities.h(780): error C2504: 'IClientNetworkable': base class undefined (compiling source file Chams.cpp)
c:\users\xboom\desktop\ac fixed\ayyware csgo\apocalysecheatssc\ayyware csgo\Entities.h(788): error C2440: 'return': cannot convert from 'PDWORD' to 'DWORD' (compiling source file Chams.cpp)
  c:\users\xboom\desktop\ac fixed\ayyware csgo\apocalysecheatssc\ayyware csgo\Entities.h(788): note: There is no context in which this conversion is possible (compiling source file Chams.cpp)
c:\users\xboom\desktop\ac fixed\ayyware csgo\apocalysecheatssc\ayyware csgo\Entities.h(792): error C2440: 'return': cannot convert from 'PDWORD' to 'DWORD' (compiling source file Chams.cpp)
  c:\users\xboom\desktop\ac fixed\ayyware csgo\apocalysecheatssc\ayyware csgo\Entities.h(792): note: There is no context in which this conversion is possible (compiling source file Chams.cpp)
c:\users\xboom\desktop\ac fixed\ayyware csgo\apocalysecheatssc\ayyware csgo\Entities.h(795): error C2664: 'void (void *,const char *,IClientUnknown *)': cannot convert argument 3 from 'IClientUnknown' to 'IClientUnknown *' (compiling source file Chams.cpp)
  c:\users\xboom\desktop\ac fixed\ayyware csgo\apocalysecheatssc\ayyware csgo\Entities.h(795): note: use of undefined type 'IClientUnknown' (compiling source file Chams.cpp)
  c:\users\xboom\desktop\ac fixed\ayyware csgo\apocalysecheatssc\ayyware csgo\Entities.h(30): note: see declaration of 'IClientUnknown' (compiling source file Chams.cpp)
c:\users\xboom\desktop\ac fixed\ayyware csgo\apocalysecheatssc\ayyware csgo\Entities.h(795): error C2664: 'void (void *,const char *,IClientUnknown *)': cannot convert argument 2 from 'const char' to 'const char *' (compiling source file Chams.cpp)
  c:\users\xboom\desktop\ac fixed\ayyware csgo\apocalysecheatssc\ayyware csgo\Entities.h(795): note: Conversion from integral type to pointer type requires reinterpret_cast, C-style cast or function-style cast (compiling source file Chams.cpp)
c:\users\xboom\desktop\ac fixed\ayyware csgo\apocalysecheatssc\ayyware csgo\Entities.h(780): error C2504: 'IClientUnknown': base class undefined (compiling source file Controls.cpp)
c:\users\xboom\desktop\ac fixed\ayyware csgo\apocalysecheatssc\ayyware csgo\Entities.h(780): error C2504: 'IClientRenderable': base class undefined (compiling source file Controls.cpp)
c:\users\xboom\desktop\ac fixed\ayyware csgo\apocalysecheatssc\ayyware csgo\Entities.h(780): error C2504: 'IClientNetworkable': base class undefined (compiling source file Controls.cpp)
c:\users\xboom\desktop\ac fixed\ayyware csgo\apocalysecheatssc\ayyware csgo\Entities.h(788): error C2440: 'return': cannot convert from 'PDWORD' to 'DWORD' (compiling source file Controls.cpp)
  c:\users\xboom\desktop\ac fixed\ayyware csgo\apocalysecheatssc\ayyware csgo\Entities.h(788): note: There is no context in which this conversion is possible (compiling source file Controls.cpp)
c:\users\xboom\desktop\ac fixed\ayyware csgo\apocalysecheatssc\ayyware csgo\Entities.h(792): error C2440: 'return': cannot convert from 'PDWORD' to 'DWORD' (compiling source file Controls.cpp)
  c:\users\xboom\desktop\ac fixed\ayyware csgo\apocalysecheatssc\ayyware csgo\Entities.h(792): note: There is no context in which this conversion is possible (compiling source file Controls.cpp)
c:\users\xboom\desktop\ac fixed\ayyware csgo\apocalysecheatssc\ayyware csgo\Entities.h(795): error C2664: 'void (void *,const char *,IClientUnknown *)': cannot convert argument 3 from 'IClientUnknown' to 'IClientUnknown *' (compiling source file Controls.cpp)
  c:\users\xboom\desktop\ac fixed\ayyware csgo\apocalysecheatssc\ayyware csgo\Entities.h(795): note: use of undefined type 'IClientUnknown' (compiling source file Controls.cpp)
  c:\users\xboom\desktop\ac fixed\ayyware csgo\apocalysecheatssc\ayyware csgo\Entities.h(30): note: see declaration of 'IClientUnknown' (compiling source file Controls.cpp)
c:\users\xboom\desktop\ac fixed\ayyware csgo\apocalysecheatssc\ayyware csgo\Entities.h(795): error C2664: 'void (void *,const char *,IClientUnknown *)': cannot convert argument 2 from 'const char' to 'const char *' (compiling source file Controls.cpp)
  c:\users\xboom\desktop\ac fixed\ayyware csgo\apocalysecheatssc\ayyware csgo\Entities.h(795): note: Conversion from integral type to pointer type requires reinterpret_cast, C-style cast or function-style cast (compiling source file Controls.cpp)
c:\users\xboom\desktop\ac fixed\ayyware csgo\apocalysecheatssc\ayyware csgo\Materials.h(227): error C2860: 'void' cannot be an argument type, except for '(void)' (compiling source file Chams.cpp)
c:\users\xboom\desktop\ac fixed\ayyware csgo\apocalysecheatssc\ayyware csgo\Materials.h(227): error C3865: '__thiscall': can only be used on native member functions (compiling source file Chams.cpp)
c:\users\xboom\desktop\ac fixed\ayyware csgo\apocalysecheatssc\ayyware csgo\Materials.h(227): error C2672: 'GetVirtualFunction': no matching overloaded function found (compiling source file Chams.cpp)
c:\users\xboom\desktop\ac fixed\ayyware csgo\apocalysecheatssc\ayyware csgo\Materials.h(227): error C2770: invalid explicit template argument(s) for 'Fn GetVirtualFunction(void *,int)' (compiling source file Chams.cpp)
  c:\users\xboom\desktop\ac fixed\ayyware csgo\apocalysecheatssc\ayyware csgo\Materials.h(217): note: see declaration of 'GetVirtualFunction' (compiling source file Chams.cpp)
c:\users\xboom\desktop\ac fixed\ayyware csgo\apocalysecheatssc\ayyware csgo\Materials.h(227): error C2860: 'void' cannot be an argument type, except for '(void)' (compiling source file Controls.cpp)
c:\users\xboom\desktop\ac fixed\ayyware csgo\apocalysecheatssc\ayyware csgo\Materials.h(227): error C3865: '__thiscall': can only be used on native member functions (compiling source file Controls.cpp)
c:\users\xboom\desktop\ac fixed\ayyware csgo\apocalysecheatssc\ayyware csgo\Materials.h(227): error C2672: 'GetVirtualFunction': no matching overloaded function found (compiling source file Controls.cpp)
c:\users\xboom\desktop\ac fixed\ayyware csgo\apocalysecheatssc\ayyware csgo\Materials.h(227): error C2770: invalid explicit template argument(s) for 'Fn GetVirtualFunction(void *,int)' (compiling source file Controls.cpp)
  c:\users\xboom\desktop\ac fixed\ayyware csgo\apocalysecheatssc\ayyware csgo\Materials.h(217): note: see declaration of 'GetVirtualFunction' (compiling source file Controls.cpp)
c:\users\xboom\desktop\ac fixed\ayyware csgo\apocalysecheatssc\ayyware csgo\Proxies.h(12): error C2182: 'pStruct': illegal use of type 'void' (compiling source file AntiAntiAim.cpp)
c:\users\xboom\desktop\ac fixed\ayyware csgo\apocalysecheatssc\ayyware csgo\Proxies.h(12): error C2182: 'pOut': illegal use of type 'void' (compiling source file AntiAntiAim.cpp)
c:\users\xboom\desktop\ac fixed\ayyware csgo\apocalysecheatssc\ayyware csgo\Proxies.h(14): error C2440: 'const_cast': cannot convert from 'const CRecvProxyData *' to 'CRecvProxyData' (compiling source file AntiAntiAim.cpp)
  c:\users\xboom\desktop\ac fixed\ayyware csgo\apocalysecheatssc\ayyware csgo\Proxies.h(14): note: Conversion requires a constructor or user-defined-conversion operator, which can't be used by const_cast or reinterpret_cast (compiling source file AntiAntiAim.cpp)
c:\users\xboom\desktop\ac fixed\ayyware csgo\apocalysecheatssc\ayyware csgo\Proxies.h(29): error C2819: type 'CRecvProxyData' does not have an overloaded member 'operator ->' (compiling source file AntiAntiAim.cpp)
  c:\users\xboom\desktop\ac fixed\ayyware csgo\apocalysecheatssc\ayyware csgo\ClientRecvProps.h(41): note: see declaration of 'CRecvProxyData' (compiling source file AntiAntiAim.cpp)
  c:\users\xboom\desktop\ac fixed\ayyware csgo\apocalysecheatssc\ayyware csgo\Proxies.h(29): note: did you intend to use '.' instead? (compiling source file AntiAntiAim.cpp)
c:\users\xboom\desktop\ac fixed\ayyware csgo\apocalysecheatssc\ayyware csgo\Proxies.h(29): error C2232: '->CRecvProxyData::m_Value': left operand has 'class' type, use '.' (compiling source file AntiAntiAim.cpp)
c:\users\xboom\desktop\ac fixed\ayyware csgo\apocalysecheatssc\ayyware csgo\Proxies.h(29): error C2228: left of '.m_Int' must have class/struct/union (compiling source file AntiAntiAim.cpp)
c:\users\xboom\desktop\ac fixed\ayyware csgo\apocalysecheatssc\ayyware csgo\Proxies.h(93): error C2819: type 'CRecvProxyData' does not have an overloaded member 'operator ->' (compiling source file AntiAntiAim.cpp)
  c:\users\xboom\desktop\ac fixed\ayyware csgo\apocalysecheatssc\ayyware csgo\ClientRecvProps.h(41): note: see declaration of 'CRecvProxyData' (compiling source file AntiAntiAim.cpp)
  c:\users\xboom\desktop\ac fixed\ayyware csgo\apocalysecheatssc\ayyware csgo\Proxies.h(93): note: did you intend to use '.' instead? (compiling source file AntiAntiAim.cpp)
c:\users\xboom\desktop\ac fixed\ayyware csgo\apocalysecheatssc\ayyware csgo\Proxies.h(93): error C2232: '->CRecvProxyData::m_Value': left operand has 'class' type, use '.' (compiling source file AntiAntiAim.cpp)
c:\users\xboom\desktop\ac fixed\ayyware csgo\apocalysecheatssc\ayyware csgo\Proxies.h(93): error C2228: left of '.m_Int' must have class/struct/union (compiling source file AntiAntiAim.cpp)
c:\users\xboom\desktop\ac fixed\ayyware csgo\apocalysecheatssc\ayyware csgo\Proxies.h(98): error C2664: 'void (const CRecvProxyData *,void *,void *)': cannot convert argument 3 from 'int' to 'void *' (compiling source file AntiAntiAim.cpp)
  c:\users\xboom\desktop\ac fixed\ayyware csgo\apocalysecheatssc\ayyware csgo\Proxies.h(98): note: Conversion from integral type to pointer type requires reinterpret_cast, C-style cast or function-style cast (compiling source file AntiAntiAim.cpp)
c:\users\xboom\desktop\ac fixed\ayyware csgo\apocalysecheatssc\ayyware csgo\Proxies.h(98): error C2664: 'void (const CRecvProxyData *,void *,void *)': cannot convert argument 2 from 'int' to 'void *' (compiling source file AntiAntiAim.cpp)
  c:\users\xboom\desktop\ac fixed\ayyware csgo\apocalysecheatssc\ayyware csgo\Proxies.h(98): note: Conversion from integral type to pointer type requires reinterpret_cast, C-style cast or function-style cast (compiling source file AntiAntiAim.cpp)
c:\users\xboom\desktop\ac fixed\ayyware csgo\apocalysecheatssc\ayyware csgo\Proxies.h(98): error C2664: 'void (const CRecvProxyData *,void *,void *)': cannot convert argument 1 from 'CRecvProxyData' to 'const CRecvProxyData *' (compiling source file AntiAntiAim.cpp)
  c:\users\xboom\desktop\ac fixed\ayyware csgo\apocalysecheatssc\ayyware csgo\Proxies.h(98): note: No user-defined-conversion operator available that can perform this conversion, or the operator cannot be called (compiling source file AntiAntiAim.cpp)
AntiAntiAim.cpp(265): error C2563: mismatch in formal parameter list
AntiAntiAim.cpp(265): error C2568: '=': unable to resolve function overload
  AntiAntiAim.cpp(265): note: could be 'void SetViewModelSequence(const CRecvProxyData *,int,int)'
  AntiAntiAim.cpp(265): note: or       'void SetViewModelSequence(const CRecvProxyData *,void *,void *)'
  DLLMain.cpp
  Dumping.cpp
  ESP.cpp
  GUI.cpp
c:\users\xboom\desktop\ac fixed\ayyware csgo\apocalysecheatssc\ayyware csgo\Entities.h(780): error C2504: 'IClientUnknown': base class undefined (compiling source file Dumping.cpp)
c:\users\xboom\desktop\ac fixed\ayyware csgo\apocalysecheatssc\ayyware csgo\Entities.h(780): error C2504: 'IClientRenderable': base class undefined (compiling source file Dumping.cpp)
c:\users\xboom\desktop\ac fixed\ayyware csgo\apocalysecheatssc\ayyware csgo\Entities.h(780): error C2504: 'IClientNetworkable': base class undefined (compiling source file Dumping.cpp)
c:\users\xboom\desktop\ac fixed\ayyware csgo\apocalysecheatssc\ayyware csgo\Entities.h(788): error C2440: 'return': cannot convert from 'PDWORD' to 'DWORD' (compiling source file Dumping.cpp)
  c:\users\xboom\desktop\ac fixed\ayyware csgo\apocalysecheatssc\ayyware csgo\Entities.h(788): note: There is no context in which this conversion is possible (compiling source file Dumping.cpp)
c:\users\xboom\desktop\ac fixed\ayyware csgo\apocalysecheatssc\ayyware csgo\Entities.h(792): error C2440: 'return': cannot convert from 'PDWORD' to 'DWORD' (compiling source file Dumping.cpp)
  c:\users\xboom\desktop\ac fixed\ayyware csgo\apocalysecheatssc\ayyware csgo\Entities.h(792): note: There is no context in which this conversion is possible (compiling source file Dumping.cpp)
c:\users\xboom\desktop\ac fixed\ayyware csgo\apocalysecheatssc\ayyware csgo\Entities.h(795): error C2664: 'void (void *,const char *,IClientUnknown *)': cannot convert argument 3 from 'IClientUnknown' to 'IClientUnknown *' (compiling source file Dumping.cpp)
  c:\users\xboom\desktop\ac fixed\ayyware csgo\apocalysecheatssc\ayyware csgo\Entities.h(795): note: use of undefined type 'IClientUnknown' (compiling source file Dumping.cpp)
  c:\users\xboom\desktop\ac fixed\ayyware csgo\apocalysecheatssc\ayyware csgo\Entities.h(30): note: see declaration of 'IClientUnknown' (compiling source file Dumping.cpp)
c:\users\xboom\desktop\ac fixed\ayyware csgo\apocalysecheatssc\ayyware csgo\Entities.h(795): error C2664: 'void (void *,const char *,IClientUnknown *)': cannot convert argument 2 from 'const char' to 'const char *' (compiling source file Dumping.cpp)
  c:\users\xboom\desktop\ac fixed\ayyware csgo\apocalysecheatssc\ayyware csgo\Entities.h(795): note: Conversion from integral type to pointer type requires reinterpret_cast, C-style cast or function-style cast (compiling source file Dumping.cpp)
c:\users\xboom\desktop\ac fixed\ayyware csgo\apocalysecheatssc\ayyware csgo\Entities.h(780): error C2504: 'IClientUnknown': base class undefined (compiling source file DLLMain.cpp)
c:\users\xboom\desktop\ac fixed\ayyware csgo\apocalysecheatssc\ayyware csgo\Entities.h(780): error C2504: 'IClientRenderable': base class undefined (compiling source file DLLMain.cpp)
c:\users\xboom\desktop\ac fixed\ayyware csgo\apocalysecheatssc\ayyware csgo\Entities.h(780): error C2504: 'IClientNetworkable': base class undefined (compiling source file DLLMain.cpp)
c:\users\xboom\desktop\ac fixed\ayyware csgo\apocalysecheatssc\ayyware csgo\Entities.h(788): error C2440: 'return': cannot convert from 'PDWORD' to 'DWORD' (compiling source file DLLMain.cpp)
  c:\users\xboom\desktop\ac fixed\ayyware csgo\apocalysecheatssc\ayyware csgo\Entities.h(788): note: There is no context in which this conversion is possible (compiling source file DLLMain.cpp)
c:\users\xboom\desktop\ac fixed\ayyware csgo\apocalysecheatssc\ayyware csgo\Entities.h(792): error C2440: 'return': cannot convert from 'PDWORD' to 'DWORD' (compiling source file DLLMain.cpp)
  c:\users\xboom\desktop\ac fixed\ayyware csgo\apocalysecheatssc\ayyware csgo\Entities.h(792): note: There is no context in which this conversion is possible (compiling source file DLLMain.cpp)
c:\users\xboom\desktop\ac fixed\ayyware csgo\apocalysecheatssc\ayyware csgo\Entities.h(795): error C2664: 'void (void *,const char *,IClientUnknown *)': cannot convert argument 3 from 'IClientUnknown' to 'IClientUnknown *' (compiling source file DLLMain.cpp)
  c:\users\xboom\desktop\ac fixed\ayyware csgo\apocalysecheatssc\ayyware csgo\Entities.h(795): note: use of undefined type 'IClientUnknown' (compiling source file DLLMain.cpp)
  c:\users\xboom\desktop\ac fixed\ayyware csgo\apocalysecheatssc\ayyware csgo\Entities.h(30): note: see declaration of 'IClientUnknown' (compiling source file DLLMain.cpp)
c:\users\xboom\desktop\ac fixed\ayyware csgo\apocalysecheatssc\ayyware csgo\Entities.h(795): error C2664: 'void (void *,const char *,IClientUnknown *)': cannot convert argument 2 from 'const char' to 'const char *' (compiling source file DLLMain.cpp)
  c:\users\xboom\desktop\ac fixed\ayyware csgo\apocalysecheatssc\ayyware csgo\Entities.h(795): note: Conversion from integral type to pointer type requires reinterpret_cast, C-style cast or function-style cast (compiling source file DLLMain.cpp)
c:\users\xboom\desktop\ac fixed\ayyware csgo\apocalysecheatssc\ayyware csgo\Entities.h(780): error C2504: 'IClientUnknown': base class undefined (compiling source file ESP.cpp)
c:\users\xboom\desktop\ac fixed\ayyware csgo\apocalysecheatssc\ayyware csgo\Entities.h(780): error C2504: 'IClientRenderable': base class undefined (compiling source file ESP.cpp)
c:\users\xboom\desktop\ac fixed\ayyware csgo\apocalysecheatssc\ayyware csgo\Entities.h(780): error C2504: 'IClientNetworkable': base class undefined (compiling source file ESP.cpp)
c:\users\xboom\desktop\ac fixed\ayyware csgo\apocalysecheatssc\ayyware csgo\Entities.h(788): error C2440: 'return': cannot convert from 'PDWORD' to 'DWORD' (compiling source file ESP.cpp)
  c:\users\xboom\desktop\ac fixed\ayyware csgo\apocalysecheatssc\ayyware csgo\Entities.h(788): note: There is no context in which this conversion is possible (compiling source file ESP.cpp)
c:\users\xboom\desktop\ac fixed\ayyware csgo\apocalysecheatssc\ayyware csgo\Entities.h(792): error C2440: 'return': cannot convert from 'PDWORD' to 'DWORD' (compiling source file ESP.cpp)
  c:\users\xboom\desktop\ac fixed\ayyware csgo\apocalysecheatssc\ayyware csgo\Entities.h(792): note: There is no context in which this conversion is possible (compiling source file ESP.cpp)
c:\users\xboom\desktop\ac fixed\ayyware csgo\apocalysecheatssc\ayyware csgo\Entities.h(795): error C2664: 'void (void *,const char *,IClientUnknown *)': cannot convert argument 3 from 'IClientUnknown' to 'IClientUnknown *' (compiling source file ESP.cpp)
  c:\users\xboom\desktop\ac fixed\ayyware csgo\apocalysecheatssc\ayyware csgo\Entities.h(795): note: use of undefined type 'IClientUnknown' (compiling source file ESP.cpp)
  c:\users\xboom\desktop\ac fixed\ayyware csgo\apocalysecheatssc\ayyware csgo\Entities.h(30): note: see declaration of 'IClientUnknown' (compiling source file ESP.cpp)
c:\users\xboom\desktop\ac fixed\ayyware csgo\apocalysecheatssc\ayyware csgo\Entities.h(795): error C2664: 'void (void *,const char *,IClientUnknown *)': cannot convert argument 2 from 'const char' to 'const char *' (compiling source file ESP.cpp)
  c:\users\xboom\desktop\ac fixed\ayyware csgo\apocalysecheatssc\ayyware csgo\Entities.h(795): note: Conversion from integral type to pointer type requires reinterpret_cast, C-style cast or function-style cast (compiling source file ESP.cpp)
c:\users\xboom\desktop\ac fixed\ayyware csgo\apocalysecheatssc\ayyware csgo\Materials.h(227): error C2860: 'void' cannot be an argument type, except for '(void)' (compiling source file Dumping.cpp)
c:\users\xboom\desktop\ac fixed\ayyware csgo\apocalysecheatssc\ayyware csgo\Materials.h(227): error C3865: '__thiscall': can only be used on native member functions (compiling source file Dumping.cpp)
c:\users\xboom\desktop\ac fixed\ayyware csgo\apocalysecheatssc\ayyware csgo\Materials.h(227): error C2672: 'GetVirtualFunction': no matching overloaded function found (compiling source file Dumping.cpp)
c:\users\xboom\desktop\ac fixed\ayyware csgo\apocalysecheatssc\ayyware csgo\Materials.h(227): error C2770: invalid explicit template argument(s) for 'Fn GetVirtualFunction(void *,int)' (compiling source file Dumping.cpp)
  c:\users\xboom\desktop\ac fixed\ayyware csgo\apocalysecheatssc\ayyware csgo\Materials.h(217): note: see declaration of 'GetVirtualFunction' (compiling source file Dumping.cpp)
c:\users\xboom\desktop\ac fixed\ayyware csgo\apocalysecheatssc\ayyware csgo\Materials.h(227): error C2860: 'void' cannot be an argument type, except for '(void)' (compiling source file DLLMain.cpp)
c:\users\xboom\desktop\ac fixed\ayyware csgo\apocalysecheatssc\ayyware csgo\Materials.h(227): error C3865: '__thiscall': can only be used on native member functions (compiling source file DLLMain.cpp)
c:\users\xboom\desktop\ac fixed\ayyware csgo\apocalysecheatssc\ayyware csgo\Materials.h(227): error C2672: 'GetVirtualFunction': no matching overloaded function found (compiling source file DLLMain.cpp)
c:\users\xboom\desktop\ac fixed\ayyware csgo\apocalysecheatssc\ayyware csgo\Materials.h(227): error C2770: invalid explicit template argument(s) for 'Fn GetVirtualFunction(void *,int)' (compiling source file DLLMain.cpp)
  c:\users\xboom\desktop\ac fixed\ayyware csgo\apocalysecheatssc\ayyware csgo\Materials.h(217): note: see declaration of 'GetVirtualFunction' (compiling source file DLLMain.cpp)
c:\users\xboom\desktop\ac fixed\ayyware csgo\apocalysecheatssc\ayyware csgo\Materials.h(227): error C2860: 'void' cannot be an argument type, except for '(void)' (compiling source file ESP.cpp)
c:\users\xboom\desktop\ac fixed\ayyware csgo\apocalysecheatssc\ayyware csgo\Materials.h(227): error C3865: '__thiscall': can only be used on native member functions (compiling source file ESP.cpp)
c:\users\xboom\desktop\ac fixed\ayyware csgo\apocalysecheatssc\ayyware csgo\Materials.h(227): error C2672: 'GetVirtualFunction': no matching overloaded function found (compiling source file ESP.cpp)
c:\users\xboom\desktop\ac fixed\ayyware csgo\apocalysecheatssc\ayyware csgo\Materials.h(227): error C2770: invalid explicit template argument(s) for 'Fn GetVirtualFunction(void *,int)' (compiling source file ESP.cpp)
  c:\users\xboom\desktop\ac fixed\ayyware csgo\apocalysecheatssc\ayyware csgo\Materials.h(217): note: see declaration of 'GetVirtualFunction' (compiling source file ESP.cpp)
  Hacks.cpp
c:\users\xboom\desktop\ac fixed\ayyware csgo\apocalysecheatssc\ayyware csgo\Entities.h(780): error C2504: 'IClientUnknown': base class undefined (compiling source file GUI.cpp)
c:\users\xboom\desktop\ac fixed\ayyware csgo\apocalysecheatssc\ayyware csgo\Entities.h(780): error C2504: 'IClientRenderable': base class undefined (compiling source file GUI.cpp)
c:\users\xboom\desktop\ac fixed\ayyware csgo\apocalysecheatssc\ayyware csgo\Entities.h(780): error C2504: 'IClientNetworkable': base class undefined (compiling source file GUI.cpp)
c:\users\xboom\desktop\ac fixed\ayyware csgo\apocalysecheatssc\ayyware csgo\Entities.h(788): error C2440: 'return': cannot convert from 'PDWORD' to 'DWORD' (compiling source file GUI.cpp)
  c:\users\xboom\desktop\ac fixed\ayyware csgo\apocalysecheatssc\ayyware csgo\Entities.h(788): note: There is no context in which this conversion is possible (compiling source file GUI.cpp)
c:\users\xboom\desktop\ac fixed\ayyware csgo\apocalysecheatssc\ayyware csgo\Entities.h(792): error C2440: 'return': cannot convert from 'PDWORD' to 'DWORD' (compiling source file GUI.cpp)
  c:\users\xboom\desktop\ac fixed\ayyware csgo\apocalysecheatssc\ayyware csgo\Entities.h(792): note: There is no context in which this conversion is possible (compiling source file GUI.cpp)
c:\users\xboom\desktop\ac fixed\ayyware csgo\apocalysecheatssc\ayyware csgo\Entities.h(795): error C2664: 'void (void *,const char *,IClientUnknown *)': cannot convert argument 3 from 'IClientUnknown' to 'IClientUnknown *' (compiling source file GUI.cpp)
  c:\users\xboom\desktop\ac fixed\ayyware csgo\apocalysecheatssc\ayyware csgo\Entities.h(795): note: use of undefined type 'IClientUnknown' (compiling source file GUI.cpp)
  c:\users\xboom\desktop\ac fixed\ayyware csgo\apocalysecheatssc\ayyware csgo\Entities.h(30): note: see declaration of 'IClientUnknown' (compiling source file GUI.cpp)
c:\users\xboom\desktop\ac fixed\ayyware csgo\apocalysecheatssc\ayyware csgo\Entities.h(795): error C2664: 'void (void *,const char *,IClientUnknown *)': cannot convert argument 2 from 'const char' to 'const char *' (compiling source file GUI.cpp)
  c:\users\xboom\desktop\ac fixed\ayyware csgo\apocalysecheatssc\ayyware csgo\Entities.h(795): note: Conversion from integral type to pointer type requires reinterpret_cast, C-style cast or function-style cast (compiling source file GUI.cpp)
  Hooks.cpp
c:\users\xboom\desktop\ac fixed\ayyware csgo\apocalysecheatssc\ayyware csgo\Materials.h(227): error C2860: 'void' cannot be an argument type, except for '(void)' (compiling source file GUI.cpp)
c:\users\xboom\desktop\ac fixed\ayyware csgo\apocalysecheatssc\ayyware csgo\Materials.h(227): error C3865: '__thiscall': can only be used on native member functions (compiling source file GUI.cpp)
c:\users\xboom\desktop\ac fixed\ayyware csgo\apocalysecheatssc\ayyware csgo\Materials.h(227): error C2672: 'GetVirtualFunction': no matching overloaded function found (compiling source file GUI.cpp)
c:\users\xboom\desktop\ac fixed\ayyware csgo\apocalysecheatssc\ayyware csgo\Materials.h(227): error C2770: invalid explicit template argument(s) for 'Fn GetVirtualFunction(void *,int)' (compiling source file GUI.cpp)
  c:\users\xboom\desktop\ac fixed\ayyware csgo\apocalysecheatssc\ayyware csgo\Materials.h(217): note: see declaration of 'GetVirtualFunction' (compiling source file GUI.cpp)
  Interfaces.cpp
  LegitBot.cpp
c:\users\xboom\desktop\ac fixed\ayyware csgo\apocalysecheatssc\ayyware csgo\Entities.h(780): error C2504: 'IClientUnknown': base class undefined (compiling source file Hacks.cpp)
c:\users\xboom\desktop\ac fixed\ayyware csgo\apocalysecheatssc\ayyware csgo\Entities.h(780): error C2504: 'IClientRenderable': base class undefined (compiling source file Hacks.cpp)
c:\users\xboom\desktop\ac fixed\ayyware csgo\apocalysecheatssc\ayyware csgo\Entities.h(780): error C2504: 'IClientNetworkable': base class undefined (compiling source file Hacks.cpp)
c:\users\xboom\desktop\ac fixed\ayyware csgo\apocalysecheatssc\ayyware csgo\Entities.h(788): error C2440: 'return': cannot convert from 'PDWORD' to 'DWORD' (compiling source file Hacks.cpp)
  c:\users\xboom\desktop\ac fixed\ayyware csgo\apocalysecheatssc\ayyware csgo\Entities.h(788): note: There is no context in which this conversion is possible (compiling source file Hacks.cpp)
c:\users\xboom\desktop\ac fixed\ayyware csgo\apocalysecheatssc\ayyware csgo\Entities.h(792): error C2440: 'return': cannot convert from 'PDWORD' to 'DWORD' (compiling source file Hacks.cpp)
  c:\users\xboom\desktop\ac fixed\ayyware csgo\apocalysecheatssc\ayyware csgo\Entities.h(792): note: There is no context in which this conversion is possible (compiling source file Hacks.cpp)
c:\users\xboom\desktop\ac fixed\ayyware csgo\apocalysecheatssc\ayyware csgo\Entities.h(795): error C2664: 'void (void *,const char *,IClientUnknown *)': cannot convert argument 3 from 'IClientUnknown' to 'IClientUnknown *' (compiling source file Hacks.cpp)
  c:\users\xboom\desktop\ac fixed\ayyware csgo\apocalysecheatssc\ayyware csgo\Entities.h(795): note: use of undefined type 'IClientUnknown' (compiling source file Hacks.cpp)
  c:\users\xboom\desktop\ac fixed\ayyware csgo\apocalysecheatssc\ayyware csgo\Entities.h(30): note: see declaration of 'IClientUnknown' (compiling source file Hacks.cpp)
c:\users\xboom\desktop\ac fixed\ayyware csgo\apocalysecheatssc\ayyware csgo\Entities.h(795): error C2664: 'void (void *,const char *,IClientUnknown *)': cannot convert argument 2 from 'const char' to 'const char *' (compiling source file Hacks.cpp)
  c:\users\xboom\desktop\ac fixed\ayyware csgo\apocalysecheatssc\ayyware csgo\Entities.h(795): note: Conversion from integral type to pointer type requires reinterpret_cast, C-style cast or function-style cast (compiling source file Hacks.cpp)
c:\users\xboom\desktop\ac fixed\ayyware csgo\apocalysecheatssc\ayyware csgo\Materials.h(227): error C2860: 'void' cannot be an argument type, except for '(void)' (compiling source file Hacks.cpp)
c:\users\xboom\desktop\ac fixed\ayyware csgo\apocalysecheatssc\ayyware csgo\Materials.h(227): error C3865: '__thiscall': can only be used on native member functions (compiling source file Hacks.cpp)
c:\users\xboom\desktop\ac fixed\ayyware csgo\apocalysecheatssc\ayyware csgo\Materials.h(227): error C2672: 'GetVirtualFunction': no matching overloaded function found (compiling source file Hacks.cpp)
c:\users\xboom\desktop\ac fixed\ayyware csgo\apocalysecheatssc\ayyware csgo\Materials.h(227): error C2770: invalid explicit template argument(s) for 'Fn GetVirtualFunction(void *,int)' (compiling source file Hacks.cpp)
  c:\users\xboom\desktop\ac fixed\ayyware csgo\apocalysecheatssc\ayyware csgo\Materials.h(217): note: see declaration of 'GetVirtualFunction' (compiling source file Hacks.cpp)
c:\users\xboom\desktop\ac fixed\ayyware csgo\apocalysecheatssc\ayyware csgo\Entities.h(780): error C2504: 'IClientUnknown': base class undefined (compiling source file Hooks.cpp)
c:\users\xboom\desktop\ac fixed\ayyware csgo\apocalysecheatssc\ayyware csgo\Entities.h(780): error C2504: 'IClientRenderable': base class undefined (compiling source file Hooks.cpp)
c:\users\xboom\desktop\ac fixed\ayyware csgo\apocalysecheatssc\ayyware csgo\Entities.h(780): error C2504: 'IClientNetworkable': base class undefined (compiling source file Hooks.cpp)
c:\users\xboom\desktop\ac fixed\ayyware csgo\apocalysecheatssc\ayyware csgo\Entities.h(788): error C2440: 'return': cannot convert from 'PDWORD' to 'DWORD' (compiling source file Hooks.cpp)
  c:\users\xboom\desktop\ac fixed\ayyware csgo\apocalysecheatssc\ayyware csgo\Entities.h(788): note: There is no context in which this conversion is possible (compiling source file Hooks.cpp)
c:\users\xboom\desktop\ac fixed\ayyware csgo\apocalysecheatssc\ayyware csgo\Entities.h(792): error C2440: 'return': cannot convert from 'PDWORD' to 'DWORD' (compiling source file Hooks.cpp)
  c:\users\xboom\desktop\ac fixed\ayyware csgo\apocalysecheatssc\ayyware csgo\Entities.h(792): note: There is no context in which this conversion is possible (compiling source file Hooks.cpp)
c:\users\xboom\desktop\ac fixed\ayyware csgo\apocalysecheatssc\ayyware csgo\Entities.h(795): error C2664: 'void (void *,const char *,IClientUnknown *)': cannot convert argument 3 from 'IClientUnknown' to 'IClientUnknown *' (compiling source file Hooks.cpp)
  c:\users\xboom\desktop\ac fixed\ayyware csgo\apocalysecheatssc\ayyware csgo\Entities.h(795): note: use of undefined type 'IClientUnknown' (compiling source file Hooks.cpp)
  c:\users\xboom\desktop\ac fixed\ayyware csgo\apocalysecheatssc\ayyware csgo\Entities.h(30): note: see declaration of 'IClientUnknown' (compiling source file Hooks.cpp)
c:\users\xboom\desktop\ac fixed\ayyware csgo\apocalysecheatssc\ayyware csgo\Entities.h(795): error C2664: 'void (void *,const char *,IClientUnknown *)': cannot convert argument 2 from 'const char' to 'const char *' (compiling source file Hooks.cpp)
  c:\users\xboom\desktop\ac fixed\ayyware csgo\apocalysecheatssc\ayyware csgo\Entities.h(795): note: Conversion from integral type to pointer type requires reinterpret_cast, C-style cast or function-style cast (compiling source file Hooks.cpp)
c:\users\xboom\desktop\ac fixed\ayyware csgo\apocalysecheatssc\ayyware csgo\Materials.h(227): error C2860: 'void' cannot be an argument type, except for '(void)' (compiling source file Hooks.cpp)
c:\users\xboom\desktop\ac fixed\ayyware csgo\apocalysecheatssc\ayyware csgo\Materials.h(227): error C3865: '__thiscall': can only be used on native member functions (compiling source file Hooks.cpp)
c:\users\xboom\desktop\ac fixed\ayyware csgo\apocalysecheatssc\ayyware csgo\Materials.h(227): error C2672: 'GetVirtualFunction': no matching overloaded function found (compiling source file Hooks.cpp)
c:\users\xboom\desktop\ac fixed\ayyware csgo\apocalysecheatssc\ayyware csgo\Materials.h(227): error C2770: invalid explicit template argument(s) for 'Fn GetVirtualFunction(void *,int)' (compiling source file Hooks.cpp)
  c:\users\xboom\desktop\ac fixed\ayyware csgo\apocalysecheatssc\ayyware csgo\Materials.h(217): note: see declaration of 'GetVirtualFunction' (compiling source file Hooks.cpp)
c:\users\xboom\desktop\ac fixed\ayyware csgo\apocalysecheatssc\ayyware csgo\Entities.h(780): error C2504: 'IClientUnknown': base class undefined (compiling source file Interfaces.cpp)
c:\users\xboom\desktop\ac fixed\ayyware csgo\apocalysecheatssc\ayyware csgo\Entities.h(780): error C2504: 'IClientRenderable': base class undefined (compiling source file Interfaces.cpp)
c:\users\xboom\desktop\ac fixed\ayyware csgo\apocalysecheatssc\ayyware csgo\Entities.h(780): error C2504: 'IClientNetworkable': base class undefined (compiling source file Interfaces.cpp)
c:\users\xboom\desktop\ac fixed\ayyware csgo\apocalysecheatssc\ayyware csgo\Entities.h(788): error C2440: 'return': cannot convert from 'PDWORD' to 'DWORD' (compiling source file Interfaces.cpp)
  c:\users\xboom\desktop\ac fixed\ayyware csgo\apocalysecheatssc\ayyware csgo\Entities.h(788): note: There is no context in which this conversion is possible (compiling source file Interfaces.cpp)
c:\users\xboom\desktop\ac fixed\ayyware csgo\apocalysecheatssc\ayyware csgo\Entities.h(792): error C2440: 'return': cannot convert from 'PDWORD' to 'DWORD' (compiling source file Interfaces.cpp)
  c:\users\xboom\desktop\ac fixed\ayyware csgo\apocalysecheatssc\ayyware csgo\Entities.h(792): note: There is no context in which this conversion is possible (compiling source file Interfaces.cpp)
c:\users\xboom\desktop\ac fixed\ayyware csgo\apocalysecheatssc\ayyware csgo\Entities.h(795): error C2664: 'void (void *,const char *,IClientUnknown *)': cannot convert argument 3 from 'IClientUnknown' to 'IClientUnknown *' (compiling source file Interfaces.cpp)
  c:\users\xboom\desktop\ac fixed\ayyware csgo\apocalysecheatssc\ayyware csgo\Entities.h(795): note: use of undefined type 'IClientUnknown' (compiling source file Interfaces.cpp)
  c:\users\xboom\desktop\ac fixed\ayyware csgo\apocalysecheatssc\ayyware csgo\Entities.h(30): note: see declaration of 'IClientUnknown' (compiling source file Interfaces.cpp)
c:\users\xboom\desktop\ac fixed\ayyware csgo\apocalysecheatssc\ayyware csgo\Entities.h(795): error C2664: 'void (void *,const char *,IClientUnknown *)': cannot convert argument 2 from 'const char' to 'const char *' (compiling source file Interfaces.cpp)
  c:\users\xboom\desktop\ac fixed\ayyware csgo\apocalysecheatssc\ayyware csgo\Entities.h(795): note: Conversion from integral type to pointer type requires reinterpret_cast, C-style cast or function-style cast (compiling source file Interfaces.cpp)
c:\users\xboom\desktop\ac fixed\ayyware csgo\apocalysecheatssc\ayyware csgo\Materials.h(227): error C2860: 'void' cannot be an argument type, except for '(void)' (compiling source file Interfaces.cpp)
c:\users\xboom\desktop\ac fixed\ayyware csgo\apocalysecheatssc\ayyware csgo\Materials.h(227): error C3865: '__thiscall': can only be used on native member functions (compiling source file Interfaces.cpp)
c:\users\xboom\desktop\ac fixed\ayyware csgo\apocalysecheatssc\ayyware csgo\Materials.h(227): error C2672: 'GetVirtualFunction': no matching overloaded function found (compiling source file Interfaces.cpp)
c:\users\xboom\desktop\ac fixed\ayyware csgo\apocalysecheatssc\ayyware csgo\Materials.h(227): error C2770: invalid explicit template argument(s) for 'Fn GetVirtualFunction(void *,int)' (compiling source file Interfaces.cpp)
  c:\users\xboom\desktop\ac fixed\ayyware csgo\apocalysecheatssc\ayyware csgo\Materials.h(217): note: see declaration of 'GetVirtualFunction' (compiling source file Interfaces.cpp)
  MathFunctions.cpp
  Menu.cpp
c:\users\xboom\desktop\ac fixed\ayyware csgo\apocalysecheatssc\ayyware csgo\Entities.h(780): error C2504: 'IClientUnknown': base class undefined (compiling source file LegitBot.cpp)
c:\users\xboom\desktop\ac fixed\ayyware csgo\apocalysecheatssc\ayyware csgo\Entities.h(780): error C2504: 'IClientRenderable': base class undefined (compiling source file LegitBot.cpp)
c:\users\xboom\desktop\ac fixed\ayyware csgo\apocalysecheatssc\ayyware csgo\Entities.h(780): error C2504: 'IClientNetworkable': base class undefined (compiling source file LegitBot.cpp)
c:\users\xboom\desktop\ac fixed\ayyware csgo\apocalysecheatssc\ayyware csgo\Entities.h(788): error C2440: 'return': cannot convert from 'PDWORD' to 'DWORD' (compiling source file LegitBot.cpp)
  c:\users\xboom\desktop\ac fixed\ayyware csgo\apocalysecheatssc\ayyware csgo\Entities.h(788): note: There is no context in which this conversion is possible (compiling source file LegitBot.cpp)
c:\users\xboom\desktop\ac fixed\ayyware csgo\apocalysecheatssc\ayyware csgo\Entities.h(792): error C2440: 'return': cannot convert from 'PDWORD' to 'DWORD' (compiling source file LegitBot.cpp)
  c:\users\xboom\desktop\ac fixed\ayyware csgo\apocalysecheatssc\ayyware csgo\Entities.h(792): note: There is no context in which this conversion is possible (compiling source file LegitBot.cpp)
c:\users\xboom\desktop\ac fixed\ayyware csgo\apocalysecheatssc\ayyware csgo\Entities.h(795): error C2664: 'void (void *,const char *,IClientUnknown *)': cannot convert argument 3 from 'IClientUnknown' to 'IClientUnknown *' (compiling source file LegitBot.cpp)
  c:\users\xboom\desktop\ac fixed\ayyware csgo\apocalysecheatssc\ayyware csgo\Entities.h(795): note: use of undefined type 'IClientUnknown' (compiling source file LegitBot.cpp)
  c:\users\xboom\desktop\ac fixed\ayyware csgo\apocalysecheatssc\ayyware csgo\Entities.h(30): note: see declaration of 'IClientUnknown' (compiling source file LegitBot.cpp)
c:\users\xboom\desktop\ac fixed\ayyware csgo\apocalysecheatssc\ayyware csgo\Entities.h(795): error C2664: 'void (void *,const char *,IClientUnknown *)': cannot convert argument 2 from 'const char' to 'const char *' (compiling source file LegitBot.cpp)
  c:\users\xboom\desktop\ac fixed\ayyware csgo\apocalysecheatssc\ayyware csgo\Entities.h(795): note: Conversion from integral type to pointer type requires reinterpret_cast, C-style cast or function-style cast (compiling source file LegitBot.cpp)
  MiscHacks.cpp
c:\users\xboom\desktop\ac fixed\ayyware csgo\apocalysecheatssc\ayyware csgo\Materials.h(227): error C2860: 'void' cannot be an argument type, except for '(void)' (compiling source file LegitBot.cpp)
c:\users\xboom\desktop\ac fixed\ayyware csgo\apocalysecheatssc\ayyware csgo\Materials.h(227): error C3865: '__thiscall': can only be used on native member functions (compiling source file LegitBot.cpp)
c:\users\xboom\desktop\ac fixed\ayyware csgo\apocalysecheatssc\ayyware csgo\Materials.h(227): error C2672: 'GetVirtualFunction': no matching overloaded function found (compiling source file LegitBot.cpp)
c:\users\xboom\desktop\ac fixed\ayyware csgo\apocalysecheatssc\ayyware csgo\Materials.h(227): error C2770: invalid explicit template argument(s) for 'Fn GetVirtualFunction(void *,int)' (compiling source file LegitBot.cpp)
  c:\users\xboom\desktop\ac fixed\ayyware csgo\apocalysecheatssc\ayyware csgo\Materials.h(217): note: see declaration of 'GetVirtualFunction' (compiling source file LegitBot.cpp)
  NetVarManager.cpp
c:\users\xboom\desktop\ac fixed\ayyware csgo\apocalysecheatssc\ayyware csgo\Entities.h(780): error C2504: 'IClientUnknown': base class undefined (compiling source file MathFunctions.cpp)
c:\users\xboom\desktop\ac fixed\ayyware csgo\apocalysecheatssc\ayyware csgo\Entities.h(780): error C2504: 'IClientRenderable': base class undefined (compiling source file MathFunctions.cpp)
c:\users\xboom\desktop\ac fixed\ayyware csgo\apocalysecheatssc\ayyware csgo\Entities.h(780): error C2504: 'IClientNetworkable': base class undefined (compiling source file MathFunctions.cpp)
c:\users\xboom\desktop\ac fixed\ayyware csgo\apocalysecheatssc\ayyware csgo\Entities.h(788): error C2440: 'return': cannot convert from 'PDWORD' to 'DWORD' (compiling source file MathFunctions.cpp)
  c:\users\xboom\desktop\ac fixed\ayyware csgo\apocalysecheatssc\ayyware csgo\Entities.h(788): note: There is no context in which this conversion is possible (compiling source file MathFunctions.cpp)
c:\users\xboom\desktop\ac fixed\ayyware csgo\apocalysecheatssc\ayyware csgo\Entities.h(792): error C2440: 'return': cannot convert from 'PDWORD' to 'DWORD' (compiling source file MathFunctions.cpp)
  c:\users\xboom\desktop\ac fixed\ayyware csgo\apocalysecheatssc\ayyware csgo\Entities.h(792): note: There is no context in which this conversion is possible (compiling source file MathFunctions.cpp)
c:\users\xboom\desktop\ac fixed\ayyware csgo\apocalysecheatssc\ayyware csgo\Entities.h(795): error C2664: 'void (void *,const char *,IClientUnknown *)': cannot convert argument 3 from 'IClientUnknown' to 'IClientUnknown *' (compiling source file MathFunctions.cpp)
  c:\users\xboom\desktop\ac fixed\ayyware csgo\apocalysecheatssc\ayyware csgo\Entities.h(795): note: use of undefined type 'IClientUnknown' (compiling source file MathFunctions.cpp)
  c:\users\xboom\desktop\ac fixed\ayyware csgo\apocalysecheatssc\ayyware csgo\Entities.h(30): note: see declaration of 'IClientUnknown' (compiling source file MathFunctions.cpp)
c:\users\xboom\desktop\ac fixed\ayyware csgo\apocalysecheatssc\ayyware csgo\Entities.h(795): error C2664: 'void (void *,const char *,IClientUnknown *)': cannot convert argument 2 from 'const char' to 'const char *' (compiling source file MathFunctions.cpp)
  c:\users\xboom\desktop\ac fixed\ayyware csgo\apocalysecheatssc\ayyware csgo\Entities.h(795): note: Conversion from integral type to pointer type requires reinterpret_cast, C-style cast or function-style cast (compiling source file MathFunctions.cpp)
c:\users\xboom\desktop\ac fixed\ayyware csgo\apocalysecheatssc\ayyware csgo\Materials.h(227): error C2860: 'void' cannot be an argument type, except for '(void)' (compiling source file MathFunctions.cpp)
c:\users\xboom\desktop\ac fixed\ayyware csgo\apocalysecheatssc\ayyware csgo\Materials.h(227): error C3865: '__thiscall': can only be used on native member functions (compiling source file MathFunctions.cpp)
c:\users\xboom\desktop\ac fixed\ayyware csgo\apocalysecheatssc\ayyware csgo\Materials.h(227): error C2672: 'GetVirtualFunction': no matching overloaded function found (compiling source file MathFunctions.cpp)
c:\users\xboom\desktop\ac fixed\ayyware csgo\apocalysecheatssc\ayyware csgo\Materials.h(227): error C2770: invalid explicit template argument(s) for 'Fn GetVirtualFunction(void *,int)' (compiling source file MathFunctions.cpp)
  c:\users\xboom\desktop\ac fixed\ayyware csgo\apocalysecheatssc\ayyware csgo\Materials.h(217): note: see declaration of 'GetVirtualFunction' (compiling source file MathFunctions.cpp)
  NetVars.cpp
c:\users\xboom\desktop\ac fixed\ayyware csgo\apocalysecheatssc\ayyware csgo\Entities.h(780): error C2504: 'IClientUnknown': base class undefined (compiling source file MiscHacks.cpp)
c:\users\xboom\desktop\ac fixed\ayyware csgo\apocalysecheatssc\ayyware csgo\Entities.h(780): error C2504: 'IClientRenderable': base class undefined (compiling source file MiscHacks.cpp)
c:\users\xboom\desktop\ac fixed\ayyware csgo\apocalysecheatssc\ayyware csgo\Entities.h(780): error C2504: 'IClientNetworkable': base class undefined (compiling source file MiscHacks.cpp)
c:\users\xboom\desktop\ac fixed\ayyware csgo\apocalysecheatssc\ayyware csgo\Entities.h(788): error C2440: 'return': cannot convert from 'PDWORD' to 'DWORD' (compiling source file MiscHacks.cpp)
  c:\users\xboom\desktop\ac fixed\ayyware csgo\apocalysecheatssc\ayyware csgo\Entities.h(788): note: There is no context in which this conversion is possible (compiling source file MiscHacks.cpp)
c:\users\xboom\desktop\ac fixed\ayyware csgo\apocalysecheatssc\ayyware csgo\Entities.h(792): error C2440: 'return': cannot convert from 'PDWORD' to 'DWORD' (compiling source file MiscHacks.cpp)
  c:\users\xboom\desktop\ac fixed\ayyware csgo\apocalysecheatssc\ayyware csgo\Entities.h(792): note: There is no context in which this conversion is possible (compiling source file MiscHacks.cpp)
c:\users\xboom\desktop\ac fixed\ayyware csgo\apocalysecheatssc\ayyware csgo\Entities.h(795): error C2664: 'void (void *,const char *,IClientUnknown *)': cannot convert argument 3 from 'IClientUnknown' to 'IClientUnknown *' (compiling source file MiscHacks.cpp)
  c:\users\xboom\desktop\ac fixed\ayyware csgo\apocalysecheatssc\ayyware csgo\Entities.h(795): note: use of undefined type 'IClientUnknown' (compiling source file MiscHacks.cpp)
  c:\users\xboom\desktop\ac fixed\ayyware csgo\apocalysecheatssc\ayyware csgo\Entities.h(30): note: see declaration of 'IClientUnknown' (compiling source file MiscHacks.cpp)
c:\users\xboom\desktop\ac fixed\ayyware csgo\apocalysecheatssc\ayyware csgo\Entities.h(795): error C2664: 'void (void *,const char *,IClientUnknown *)': cannot convert argument 2 from 'const char' to 'const char *' (compiling source file MiscHacks.cpp)
  c:\users\xboom\desktop\ac fixed\ayyware csgo\apocalysecheatssc\ayyware csgo\Entities.h(795): note: Conversion from integral type to pointer type requires reinterpret_cast, C-style cast or function-style cast (compiling source file MiscHacks.cpp)
c:\users\xboom\desktop\ac fixed\ayyware csgo\apocalysecheatssc\ayyware csgo\Materials.h(227): error C2860: 'void' cannot be an argument type, except for '(void)' (compiling source file MiscHacks.cpp)
c:\users\xboom\desktop\ac fixed\ayyware csgo\apocalysecheatssc\ayyware csgo\Materials.h(227): error C3865: '__thiscall': can only be used on native member functions (compiling source file MiscHacks.cpp)
c:\users\xboom\desktop\ac fixed\ayyware csgo\apocalysecheatssc\ayyware csgo\Materials.h(227): error C2672: 'GetVirtualFunction': no matching overloaded function found (compiling source file MiscHacks.cpp)
c:\users\xboom\desktop\ac fixed\ayyware csgo\apocalysecheatssc\ayyware csgo\Materials.h(227): error C2770: invalid explicit template argument(s) for 'Fn GetVirtualFunction(void *,int)' (compiling source file MiscHacks.cpp)
  c:\users\xboom\desktop\ac fixed\ayyware csgo\apocalysecheatssc\ayyware csgo\Materials.h(217): note: see declaration of 'GetVirtualFunction' (compiling source file MiscHacks.cpp)
c:\users\xboom\desktop\ac fixed\ayyware csgo\apocalysecheatssc\ayyware csgo\Entities.h(780): error C2504: 'IClientUnknown': base class undefined (compiling source file Menu.cpp)
c:\users\xboom\desktop\ac fixed\ayyware csgo\apocalysecheatssc\ayyware csgo\Entities.h(780): error C2504: 'IClientRenderable': base class undefined (compiling source file Menu.cpp)
c:\users\xboom\desktop\ac fixed\ayyware csgo\apocalysecheatssc\ayyware csgo\Entities.h(780): error C2504: 'IClientNetworkable': base class undefined (compiling source file Menu.cpp)
c:\users\xboom\desktop\ac fixed\ayyware csgo\apocalysecheatssc\ayyware csgo\Entities.h(788): error C2440: 'return': cannot convert from 'PDWORD' to 'DWORD' (compiling source file Menu.cpp)
  c:\users\xboom\desktop\ac fixed\ayyware csgo\apocalysecheatssc\ayyware csgo\Entities.h(788): note: There is no context in which this conversion is possible (compiling source file Menu.cpp)
c:\users\xboom\desktop\ac fixed\ayyware csgo\apocalysecheatssc\ayyware csgo\Entities.h(792): error C2440: 'return': cannot convert from 'PDWORD' to 'DWORD' (compiling source file Menu.cpp)
  c:\users\xboom\desktop\ac fixed\ayyware csgo\apocalysecheatssc\ayyware csgo\Entities.h(792): note: There is no context in which this conversion is possible (compiling source file Menu.cpp)
c:\users\xboom\desktop\ac fixed\ayyware csgo\apocalysecheatssc\ayyware csgo\Entities.h(795): error C2664: 'void (void *,const char *,IClientUnknown *)': cannot convert argument 3 from 'IClientUnknown' to 'IClientUnknown *' (compiling source file Menu.cpp)
  c:\users\xboom\desktop\ac fixed\ayyware csgo\apocalysecheatssc\ayyware csgo\Entities.h(795): note: use of undefined type 'IClientUnknown' (compiling source file Menu.cpp)
  c:\users\xboom\desktop\ac fixed\ayyware csgo\apocalysecheatssc\ayyware csgo\Entities.h(30): note: see declaration of 'IClientUnknown' (compiling source file Menu.cpp)
c:\users\xboom\desktop\ac fixed\ayyware csgo\apocalysecheatssc\ayyware csgo\Entities.h(795): error C2664: 'void (void *,const char *,IClientUnknown *)': cannot convert argument 2 from 'const char' to 'const char *' (compiling source file Menu.cpp)
  c:\users\xboom\desktop\ac fixed\ayyware csgo\apocalysecheatssc\ayyware csgo\Entities.h(795): note: Conversion from integral type to pointer type requires reinterpret_cast, C-style cast or function-style cast (compiling source file Menu.cpp)
c:\users\xboom\desktop\ac fixed\ayyware csgo\apocalysecheatssc\ayyware csgo\Materials.h(227): error C2860: 'void' cannot be an argument type, except for '(void)' (compiling source file Menu.cpp)
c:\users\xboom\desktop\ac fixed\ayyware csgo\apocalysecheatssc\ayyware csgo\Materials.h(227): error C3865: '__thiscall': can only be used on native member functions (compiling source file Menu.cpp)
c:\users\xboom\desktop\ac fixed\ayyware csgo\apocalysecheatssc\ayyware csgo\Materials.h(227): error C2672: 'GetVirtualFunction': no matching overloaded function found (compiling source file Menu.cpp)
c:\users\xboom\desktop\ac fixed\ayyware csgo\apocalysecheatssc\ayyware csgo\Materials.h(227): error C2770: invalid explicit template argument(s) for 'Fn GetVirtualFunction(void *,int)' (compiling source file Menu.cpp)
  c:\users\xboom\desktop\ac fixed\ayyware csgo\apocalysecheatssc\ayyware csgo\Materials.h(217): note: see declaration of 'GetVirtualFunction' (compiling source file Menu.cpp)
  Offsets.cpp
c:\users\xboom\desktop\ac fixed\ayyware csgo\apocalysecheatssc\ayyware csgo\Entities.h(780): error C2504: 'IClientUnknown': base class undefined (compiling source file NetVarManager.cpp)
c:\users\xboom\desktop\ac fixed\ayyware csgo\apocalysecheatssc\ayyware csgo\Entities.h(780): error C2504: 'IClientRenderable': base class undefined (compiling source file NetVarManager.cpp)
c:\users\xboom\desktop\ac fixed\ayyware csgo\apocalysecheatssc\ayyware csgo\Entities.h(780): error C2504: 'IClientNetworkable': base class undefined (compiling source file NetVarManager.cpp)
c:\users\xboom\desktop\ac fixed\ayyware csgo\apocalysecheatssc\ayyware csgo\Entities.h(788): error C2440: 'return': cannot convert from 'PDWORD' to 'DWORD' (compiling source file NetVarManager.cpp)
  c:\users\xboom\desktop\ac fixed\ayyware csgo\apocalysecheatssc\ayyware csgo\Entities.h(788): note: There is no context in which this conversion is possible (compiling source file NetVarManager.cpp)
c:\users\xboom\desktop\ac fixed\ayyware csgo\apocalysecheatssc\ayyware csgo\Entities.h(792): error C2440: 'return': cannot convert from 'PDWORD' to 'DWORD' (compiling source file NetVarManager.cpp)
  c:\users\xboom\desktop\ac fixed\ayyware csgo\apocalysecheatssc\ayyware csgo\Entities.h(792): note: There is no context in which this conversion is possible (compiling source file NetVarManager.cpp)
c:\users\xboom\desktop\ac fixed\ayyware csgo\apocalysecheatssc\ayyware csgo\Entities.h(795): error C2664: 'void (void *,const char *,IClientUnknown *)': cannot convert argument 3 from 'IClientUnknown' to 'IClientUnknown *' (compiling source file NetVarManager.cpp)
  c:\users\xboom\desktop\ac fixed\ayyware csgo\apocalysecheatssc\ayyware csgo\Entities.h(795): note: use of undefined type 'IClientUnknown' (compiling source file NetVarManager.cpp)
  c:\users\xboom\desktop\ac fixed\ayyware csgo\apocalysecheatssc\ayyware csgo\Entities.h(30): note: see declaration of 'IClientUnknown' (compiling source file NetVarManager.cpp)
c:\users\xboom\desktop\ac fixed\ayyware csgo\apocalysecheatssc\ayyware csgo\Entities.h(795): error C2664: 'void (void *,const char *,IClientUnknown *)': cannot convert argument 2 from 'const char' to 'const char *' (compiling source file NetVarManager.cpp)
  c:\users\xboom\desktop\ac fixed\ayyware csgo\apocalysecheatssc\ayyware csgo\Entities.h(795): note: Conversion from integral type to pointer type requires reinterpret_cast, C-style cast or function-style cast (compiling source file NetVarManager.cpp)
c:\users\xboom\desktop\ac fixed\ayyware csgo\apocalysecheatssc\ayyware csgo\Materials.h(227): error C2860: 'void' cannot be an argument type, except for '(void)' (compiling source file NetVarManager.cpp)
c:\users\xboom\desktop\ac fixed\ayyware csgo\apocalysecheatssc\ayyware csgo\Materials.h(227): error C3865: '__thiscall': can only be used on native member functions (compiling source file NetVarManager.cpp)
c:\users\xboom\desktop\ac fixed\ayyware csgo\apocalysecheatssc\ayyware csgo\Materials.h(227): error C2672: 'GetVirtualFunction': no matching overloaded function found (compiling source file NetVarManager.cpp)
c:\users\xboom\desktop\ac fixed\ayyware csgo\apocalysecheatssc\ayyware csgo\Materials.h(227): error C2770: invalid explicit template argument(s) for 'Fn GetVirtualFunction(void *,int)' (compiling source file NetVarManager.cpp)
  c:\users\xboom\desktop\ac fixed\ayyware csgo\apocalysecheatssc\ayyware csgo\Materials.h(217): note: see declaration of 'GetVirtualFunction' (compiling source file NetVarManager.cpp)
  RageBot.cpp
  RenderManager.cpp
c:\users\xboom\desktop\ac fixed\ayyware csgo\apocalysecheatssc\ayyware csgo\Entities.h(780): error C2504: 'IClientUnknown': base class undefined (compiling source file NetVars.cpp)
c:\users\xboom\desktop\ac fixed\ayyware csgo\apocalysecheatssc\ayyware csgo\Entities.h(780): error C2504: 'IClientRenderable': base class undefined (compiling source file NetVars.cpp)
c:\users\xboom\desktop\ac fixed\ayyware csgo\apocalysecheatssc\ayyware csgo\Entities.h(780): error C2504: 'IClientNetworkable': base class undefined (compiling source file NetVars.cpp)
c:\users\xboom\desktop\ac fixed\ayyware csgo\apocalysecheatssc\ayyware csgo\Entities.h(788): error C2440: 'return': cannot convert from 'PDWORD' to 'DWORD' (compiling source file NetVars.cpp)
  c:\users\xboom\desktop\ac fixed\ayyware csgo\apocalysecheatssc\ayyware csgo\Entities.h(788): note: There is no context in which this conversion is possible (compiling source file NetVars.cpp)
c:\users\xboom\desktop\ac fixed\ayyware csgo\apocalysecheatssc\ayyware csgo\Entities.h(792): error C2440: 'return': cannot convert from 'PDWORD' to 'DWORD' (compiling source file NetVars.cpp)
  c:\users\xboom\desktop\ac fixed\ayyware csgo\apocalysecheatssc\ayyware csgo\Entities.h(792): note: There is no context in which this conversion is possible (compiling source file NetVars.cpp)
c:\users\xboom\desktop\ac fixed\ayyware csgo\apocalysecheatssc\ayyware csgo\Entities.h(795): error C2664: 'void (void *,const char *,IClientUnknown *)': cannot convert argument 3 from 'IClientUnknown' to 'IClientUnknown *' (compiling source file NetVars.cpp)
  c:\users\xboom\desktop\ac fixed\ayyware csgo\apocalysecheatssc\ayyware csgo\Entities.h(795): note: use of undefined type 'IClientUnknown' (compiling source file NetVars.cpp)
  c:\users\xboom\desktop\ac fixed\ayyware csgo\apocalysecheatssc\ayyware csgo\Entities.h(30): note: see declaration of 'IClientUnknown' (compiling source file NetVars.cpp)
c:\users\xboom\desktop\ac fixed\ayyware csgo\apocalysecheatssc\ayyware csgo\Entities.h(795): error C2664: 'void (void *,const char *,IClientUnknown *)': cannot convert argument 2 from 'const char' to 'const char *' (compiling source file NetVars.cpp)
  c:\users\xboom\desktop\ac fixed\ayyware csgo\apocalysecheatssc\ayyware csgo\Entities.h(795): note: Conversion from integral type to pointer type requires reinterpret_cast, C-style cast or function-style cast (compiling source file NetVars.cpp)
c:\users\xboom\desktop\ac fixed\ayyware csgo\apocalysecheatssc\ayyware csgo\Materials.h(227): error C2860: 'void' cannot be an argument type, except for '(void)' (compiling source file NetVars.cpp)
c:\users\xboom\desktop\ac fixed\ayyware csgo\apocalysecheatssc\ayyware csgo\Materials.h(227): error C3865: '__thiscall': can only be used on native member functions (compiling source file NetVars.cpp)
c:\users\xboom\desktop\ac fixed\ayyware csgo\apocalysecheatssc\ayyware csgo\Materials.h(227): error C2672: 'GetVirtualFunction': no matching overloaded function found (compiling source file NetVars.cpp)
c:\users\xboom\desktop\ac fixed\ayyware csgo\apocalysecheatssc\ayyware csgo\Materials.h(227): error C2770: invalid explicit template argument(s) for 'Fn GetVirtualFunction(void *,int)' (compiling source file NetVars.cpp)
  c:\users\xboom\desktop\ac fixed\ayyware csgo\apocalysecheatssc\ayyware csgo\Materials.h(217): note: see declaration of 'GetVirtualFunction' (compiling source file NetVars.cpp)
  Resolver.cpp
c:\users\xboom\desktop\ac fixed\ayyware csgo\apocalysecheatssc\ayyware csgo\Entities.h(780): error C2504: 'IClientUnknown': base class undefined (compiling source file Offsets.cpp)
c:\users\xboom\desktop\ac fixed\ayyware csgo\apocalysecheatssc\ayyware csgo\Entities.h(780): error C2504: 'IClientRenderable': base class undefined (compiling source file Offsets.cpp)
c:\users\xboom\desktop\ac fixed\ayyware csgo\apocalysecheatssc\ayyware csgo\Entities.h(780): error C2504: 'IClientNetworkable': base class undefined (compiling source file Offsets.cpp)
c:\users\xboom\desktop\ac fixed\ayyware csgo\apocalysecheatssc\ayyware csgo\Entities.h(788): error C2440: 'return': cannot convert from 'PDWORD' to 'DWORD' (compiling source file Offsets.cpp)
  c:\users\xboom\desktop\ac fixed\ayyware csgo\apocalysecheatssc\ayyware csgo\Entities.h(788): note: There is no context in which this conversion is possible (compiling source file Offsets.cpp)
c:\users\xboom\desktop\ac fixed\ayyware csgo\apocalysecheatssc\ayyware csgo\Entities.h(792): error C2440: 'return': cannot convert from 'PDWORD' to 'DWORD' (compiling source file Offsets.cpp)
  c:\users\xboom\desktop\ac fixed\ayyware csgo\apocalysecheatssc\ayyware csgo\Entities.h(792): note: There is no context in which this conversion is possible (compiling source file Offsets.cpp)
c:\users\xboom\desktop\ac fixed\ayyware csgo\apocalysecheatssc\ayyware csgo\Entities.h(795): error C2664: 'void (void *,const char *,IClientUnknown *)': cannot convert argument 3 from 'IClientUnknown' to 'IClientUnknown *' (compiling source file Offsets.cpp)
  c:\users\xboom\desktop\ac fixed\ayyware csgo\apocalysecheatssc\ayyware csgo\Entities.h(795): note: use of undefined type 'IClientUnknown' (compiling source file Offsets.cpp)
  c:\users\xboom\desktop\ac fixed\ayyware csgo\apocalysecheatssc\ayyware csgo\Entities.h(30): note: see declaration of 'IClientUnknown' (compiling source file Offsets.cpp)
c:\users\xboom\desktop\ac fixed\ayyware csgo\apocalysecheatssc\ayyware csgo\Entities.h(795): error C2664: 'void (void *,const char *,IClientUnknown *)': cannot convert argument 2 from 'const char' to 'const char *' (compiling source file Offsets.cpp)
  c:\users\xboom\desktop\ac fixed\ayyware csgo\apocalysecheatssc\ayyware csgo\Entities.h(795): note: Conversion from integral type to pointer type requires reinterpret_cast, C-style cast or function-style cast (compiling source file Offsets.cpp)
c:\users\xboom\desktop\ac fixed\ayyware csgo\apocalysecheatssc\ayyware csgo\Materials.h(227): error C2860: 'void' cannot be an argument type, except for '(void)' (compiling source file Offsets.cpp)
c:\users\xboom\desktop\ac fixed\ayyware csgo\apocalysecheatssc\ayyware csgo\Materials.h(227): error C3865: '__thiscall': can only be used on native member functions (compiling source file Offsets.cpp)
c:\users\xboom\desktop\ac fixed\ayyware csgo\apocalysecheatssc\ayyware csgo\Materials.h(227): error C2672: 'GetVirtualFunction': no matching overloaded function found (compiling source file Offsets.cpp)
c:\users\xboom\desktop\ac fixed\ayyware csgo\apocalysecheatssc\ayyware csgo\Materials.h(227): error C2770: invalid explicit template argument(s) for 'Fn GetVirtualFunction(void *,int)' (compiling source file Offsets.cpp)
  c:\users\xboom\desktop\ac fixed\ayyware csgo\apocalysecheatssc\ayyware csgo\Materials.h(217): note: see declaration of 'GetVirtualFunction' (compiling source file Offsets.cpp)
  SpoofedConvar.cpp
c:\users\xboom\desktop\ac fixed\ayyware csgo\apocalysecheatssc\ayyware csgo\Entities.h(780): error C2504: 'IClientUnknown': base class undefined (compiling source file RageBot.cpp)
c:\users\xboom\desktop\ac fixed\ayyware csgo\apocalysecheatssc\ayyware csgo\Entities.h(780): error C2504: 'IClientRenderable': base class undefined (compiling source file RageBot.cpp)
c:\users\xboom\desktop\ac fixed\ayyware csgo\apocalysecheatssc\ayyware csgo\Entities.h(780): error C2504: 'IClientNetworkable': base class undefined (compiling source file RageBot.cpp)
c:\users\xboom\desktop\ac fixed\ayyware csgo\apocalysecheatssc\ayyware csgo\Entities.h(788): error C2440: 'return': cannot convert from 'PDWORD' to 'DWORD' (compiling source file RageBot.cpp)
  c:\users\xboom\desktop\ac fixed\ayyware csgo\apocalysecheatssc\ayyware csgo\Entities.h(788): note: There is no context in which this conversion is possible (compiling source file RageBot.cpp)
c:\users\xboom\desktop\ac fixed\ayyware csgo\apocalysecheatssc\ayyware csgo\Entities.h(792): error C2440: 'return': cannot convert from 'PDWORD' to 'DWORD' (compiling source file RageBot.cpp)
  c:\users\xboom\desktop\ac fixed\ayyware csgo\apocalysecheatssc\ayyware csgo\Entities.h(792): note: There is no context in which this conversion is possible (compiling source file RageBot.cpp)
c:\users\xboom\desktop\ac fixed\ayyware csgo\apocalysecheatssc\ayyware csgo\Entities.h(795): error C2664: 'void (void *,const char *,IClientUnknown *)': cannot convert argument 3 from 'IClientUnknown' to 'IClientUnknown *' (compiling source file RageBot.cpp)
  c:\users\xboom\desktop\ac fixed\ayyware csgo\apocalysecheatssc\ayyware csgo\Entities.h(795): note: use of undefined type 'IClientUnknown' (compiling source file RageBot.cpp)
  c:\users\xboom\desktop\ac fixed\ayyware csgo\apocalysecheatssc\ayyware csgo\Entities.h(30): note: see declaration of 'IClientUnknown' (compiling source file RageBot.cpp)
c:\users\xboom\desktop\ac fixed\ayyware csgo\apocalysecheatssc\ayyware csgo\Entities.h(795): error C2664: 'void (void *,const char *,IClientUnknown *)': cannot convert argument 2 from 'const char' to 'const char *' (compiling source file RageBot.cpp)
  c:\users\xboom\desktop\ac fixed\ayyware csgo\apocalysecheatssc\ayyware csgo\Entities.h(795): note: Conversion from integral type to pointer type requires reinterpret_cast, C-style cast or function-style cast (compiling source file RageBot.cpp)
c:\users\xboom\desktop\ac fixed\ayyware csgo\apocalysecheatssc\ayyware csgo\Materials.h(227): error C2860: 'void' cannot be an argument type, except for '(void)' (compiling source file RageBot.cpp)
c:\users\xboom\desktop\ac fixed\ayyware csgo\apocalysecheatssc\ayyware csgo\Materials.h(227): error C3865: '__thiscall': can only be used on native member functions (compiling source file RageBot.cpp)
c:\users\xboom\desktop\ac fixed\ayyware csgo\apocalysecheatssc\ayyware csgo\Materials.h(227): error C2672: 'GetVirtualFunction': no matching overloaded function found (compiling source file RageBot.cpp)
c:\users\xboom\desktop\ac fixed\ayyware csgo\apocalysecheatssc\ayyware csgo\Materials.h(227): error C2770: invalid explicit template argument(s) for 'Fn GetVirtualFunction(void *,int)' (compiling source file RageBot.cpp)
  c:\users\xboom\desktop\ac fixed\ayyware csgo\apocalysecheatssc\ayyware csgo\Materials.h(217): note: see declaration of 'GetVirtualFunction' (compiling source file RageBot.cpp)
  UTIL Functions.cpp
c:\users\xboom\desktop\ac fixed\ayyware csgo\apocalysecheatssc\ayyware csgo\Entities.h(780): error C2504: 'IClientUnknown': base class undefined (compiling source file RenderManager.cpp)
c:\users\xboom\desktop\ac fixed\ayyware csgo\apocalysecheatssc\ayyware csgo\Entities.h(780): error C2504: 'IClientRenderable': base class undefined (compiling source file RenderManager.cpp)
c:\users\xboom\desktop\ac fixed\ayyware csgo\apocalysecheatssc\ayyware csgo\Entities.h(780): error C2504: 'IClientNetworkable': base class undefined (compiling source file RenderManager.cpp)
c:\users\xboom\desktop\ac fixed\ayyware csgo\apocalysecheatssc\ayyware csgo\Entities.h(788): error C2440: 'return': cannot convert from 'PDWORD' to 'DWORD' (compiling source file RenderManager.cpp)
  c:\users\xboom\desktop\ac fixed\ayyware csgo\apocalysecheatssc\ayyware csgo\Entities.h(788): note: There is no context in which this conversion is possible (compiling source file RenderManager.cpp)
c:\users\xboom\desktop\ac fixed\ayyware csgo\apocalysecheatssc\ayyware csgo\Entities.h(792): error C2440: 'return': cannot convert from 'PDWORD' to 'DWORD' (compiling source file RenderManager.cpp)
  c:\users\xboom\desktop\ac fixed\ayyware csgo\apocalysecheatssc\ayyware csgo\Entities.h(792): note: There is no context in which this conversion is possible (compiling source file RenderManager.cpp)
c:\users\xboom\desktop\ac fixed\ayyware csgo\apocalysecheatssc\ayyware csgo\Entities.h(795): error C2664: 'void (void *,const char *,IClientUnknown *)': cannot convert argument 3 from 'IClientUnknown' to 'IClientUnknown *' (compiling source file RenderManager.cpp)
  c:\users\xboom\desktop\ac fixed\ayyware csgo\apocalysecheatssc\ayyware csgo\Entities.h(795): note: use of undefined type 'IClientUnknown' (compiling source file RenderManager.cpp)
  c:\users\xboom\desktop\ac fixed\ayyware csgo\apocalysecheatssc\ayyware csgo\Entities.h(30): note: see declaration of 'IClientUnknown' (compiling source file RenderManager.cpp)
c:\users\xboom\desktop\ac fixed\ayyware csgo\apocalysecheatssc\ayyware csgo\Entities.h(795): error C2664: 'void (void *,const char *,IClientUnknown *)': cannot convert argument 2 from 'const char' to 'const char *' (compiling source file RenderManager.cpp)
  c:\users\xboom\desktop\ac fixed\ayyware csgo\apocalysecheatssc\ayyware csgo\Entities.h(795): note: Conversion from integral type to pointer type requires reinterpret_cast, C-style cast or function-style cast (compiling source file RenderManager.cpp)
c:\users\xboom\desktop\ac fixed\ayyware csgo\apocalysecheatssc\ayyware csgo\Materials.h(227): error C2860: 'void' cannot be an argument type, except for '(void)' (compiling source file RenderManager.cpp)
c:\users\xboom\desktop\ac fixed\ayyware csgo\apocalysecheatssc\ayyware csgo\Materials.h(227): error C3865: '__thiscall': can only be used on native member functions (compiling source file RenderManager.cpp)
c:\users\xboom\desktop\ac fixed\ayyware csgo\apocalysecheatssc\ayyware csgo\Materials.h(227): error C2672: 'GetVirtualFunction': no matching overloaded function found (compiling source file RenderManager.cpp)
c:\users\xboom\desktop\ac fixed\ayyware csgo\apocalysecheatssc\ayyware csgo\Materials.h(227): error C2770: invalid explicit template argument(s) for 'Fn GetVirtualFunction(void *,int)' (compiling source file RenderManager.cpp)
  c:\users\xboom\desktop\ac fixed\ayyware csgo\apocalysecheatssc\ayyware csgo\Materials.h(217): note: see declaration of 'GetVirtualFunction' (compiling source file RenderManager.cpp)
  Visual.cpp
c:\users\xboom\desktop\ac fixed\ayyware csgo\apocalysecheatssc\ayyware csgo\Entities.h(780): error C2504: 'IClientUnknown': base class undefined (compiling source file Resolver.cpp)
c:\users\xboom\desktop\ac fixed\ayyware csgo\apocalysecheatssc\ayyware csgo\Entities.h(780): error C2504: 'IClientRenderable': base class undefined (compiling source file Resolver.cpp)
c:\users\xboom\desktop\ac fixed\ayyware csgo\apocalysecheatssc\ayyware csgo\Entities.h(780): error C2504: 'IClientNetworkable': base class undefined (compiling source file Resolver.cpp)
c:\users\xboom\desktop\ac fixed\ayyware csgo\apocalysecheatssc\ayyware csgo\Entities.h(788): error C2440: 'return': cannot convert from 'PDWORD' to 'DWORD' (compiling source file Resolver.cpp)
  c:\users\xboom\desktop\ac fixed\ayyware csgo\apocalysecheatssc\ayyware csgo\Entities.h(788): note: There is no context in which this conversion is possible (compiling source file Resolver.cpp)
c:\users\xboom\desktop\ac fixed\ayyware csgo\apocalysecheatssc\ayyware csgo\Entities.h(792): error C2440: 'return': cannot convert from 'PDWORD' to 'DWORD' (compiling source file Resolver.cpp)
  c:\users\xboom\desktop\ac fixed\ayyware csgo\apocalysecheatssc\ayyware csgo\Entities.h(792): note: There is no context in which this conversion is possible (compiling source file Resolver.cpp)
c:\users\xboom\desktop\ac fixed\ayyware csgo\apocalysecheatssc\ayyware csgo\Entities.h(795): error C2664: 'void (void *,const char *,IClientUnknown *)': cannot convert argument 3 from 'IClientUnknown' to 'IClientUnknown *' (compiling source file Resolver.cpp)
  c:\users\xboom\desktop\ac fixed\ayyware csgo\apocalysecheatssc\ayyware csgo\Entities.h(795): note: use of undefined type 'IClientUnknown' (compiling source file Resolver.cpp)
  c:\users\xboom\desktop\ac fixed\ayyware csgo\apocalysecheatssc\ayyware csgo\Entities.h(30): note: see declaration of 'IClientUnknown' (compiling source file Resolver.cpp)
c:\users\xboom\desktop\ac fixed\ayyware csgo\apocalysecheatssc\ayyware csgo\Entities.h(795): error C2664: 'void (void *,const char *,IClientUnknown *)': cannot convert argument 2 from 'const char' to 'const char *' (compiling source file Resolver.cpp)
  c:\users\xboom\desktop\ac fixed\ayyware csgo\apocalysecheatssc\ayyware csgo\Entities.h(795): note: Conversion from integral type to pointer type requires reinterpret_cast, C-style cast or function-style cast (compiling source file Resolver.cpp)
c:\users\xboom\desktop\ac fixed\ayyware csgo\apocalysecheatssc\ayyware csgo\Materials.h(227): error C2860: 'void' cannot be an argument type, except for '(void)' (compiling source file Resolver.cpp)
c:\users\xboom\desktop\ac fixed\ayyware csgo\apocalysecheatssc\ayyware csgo\Materials.h(227): error C3865: '__thiscall': can only be used on native member functions (compiling source file Resolver.cpp)
c:\users\xboom\desktop\ac fixed\ayyware csgo\apocalysecheatssc\ayyware csgo\Materials.h(227): error C2672: 'GetVirtualFunction': no matching overloaded function found (compiling source file Resolver.cpp)
c:\users\xboom\desktop\ac fixed\ayyware csgo\apocalysecheatssc\ayyware csgo\Materials.h(227): error C2770: invalid explicit template argument(s) for 'Fn GetVirtualFunction(void *,int)' (compiling source file Resolver.cpp)
  c:\users\xboom\desktop\ac fixed\ayyware csgo\apocalysecheatssc\ayyware csgo\Materials.h(217): note: see declaration of 'GetVirtualFunction' (compiling source file Resolver.cpp)
c:\users\xboom\desktop\ac fixed\ayyware csgo\apocalysecheatssc\ayyware csgo\Entities.h(780): error C2504: 'IClientUnknown': base class undefined (compiling source file SpoofedConvar.cpp)
c:\users\xboom\desktop\ac fixed\ayyware csgo\apocalysecheatssc\ayyware csgo\Entities.h(780): error C2504: 'IClientRenderable': base class undefined (compiling source file SpoofedConvar.cpp)
c:\users\xboom\desktop\ac fixed\ayyware csgo\apocalysecheatssc\ayyware csgo\Entities.h(780): error C2504: 'IClientNetworkable': base class undefined (compiling source file SpoofedConvar.cpp)
c:\users\xboom\desktop\ac fixed\ayyware csgo\apocalysecheatssc\ayyware csgo\Entities.h(788): error C2440: 'return': cannot convert from 'PDWORD' to 'DWORD' (compiling source file SpoofedConvar.cpp)
  c:\users\xboom\desktop\ac fixed\ayyware csgo\apocalysecheatssc\ayyware csgo\Entities.h(788): note: There is no context in which this conversion is possible (compiling source file SpoofedConvar.cpp)
c:\users\xboom\desktop\ac fixed\ayyware csgo\apocalysecheatssc\ayyware csgo\Entities.h(792): error C2440: 'return': cannot convert from 'PDWORD' to 'DWORD' (compiling source file SpoofedConvar.cpp)
  c:\users\xboom\desktop\ac fixed\ayyware csgo\apocalysecheatssc\ayyware csgo\Entities.h(792): note: There is no context in which this conversion is possible (compiling source file SpoofedConvar.cpp)
c:\users\xboom\desktop\ac fixed\ayyware csgo\apocalysecheatssc\ayyware csgo\Entities.h(795): error C2664: 'void (void *,const char *,IClientUnknown *)': cannot convert argument 3 from 'IClientUnknown' to 'IClientUnknown *' (compiling source file SpoofedConvar.cpp)
  c:\users\xboom\desktop\ac fixed\ayyware csgo\apocalysecheatssc\ayyware csgo\Entities.h(795): note: use of undefined type 'IClientUnknown' (compiling source file SpoofedConvar.cpp)
  c:\users\xboom\desktop\ac fixed\ayyware csgo\apocalysecheatssc\ayyware csgo\Entities.h(30): note: see declaration of 'IClientUnknown' (compiling source file SpoofedConvar.cpp)
c:\users\xboom\desktop\ac fixed\ayyware csgo\apocalysecheatssc\ayyware csgo\Entities.h(795): error C2664: 'void (void *,const char *,IClientUnknown *)': cannot convert argument 2 from 'const char' to 'const char *' (compiling source file SpoofedConvar.cpp)
  c:\users\xboom\desktop\ac fixed\ayyware csgo\apocalysecheatssc\ayyware csgo\Entities.h(795): note: Conversion from integral type to pointer type requires reinterpret_cast, C-style cast or function-style cast (compiling source file SpoofedConvar.cpp)
  Window.cpp
c:\users\xboom\desktop\ac fixed\ayyware csgo\apocalysecheatssc\ayyware csgo\Materials.h(227): error C2860: 'void' cannot be an argument type, except for '(void)' (compiling source file SpoofedConvar.cpp)
c:\users\xboom\desktop\ac fixed\ayyware csgo\apocalysecheatssc\ayyware csgo\Materials.h(227): error C3865: '__thiscall': can only be used on native member functions (compiling source file SpoofedConvar.cpp)
c:\users\xboom\desktop\ac fixed\ayyware csgo\apocalysecheatssc\ayyware csgo\Materials.h(227): error C2672: 'GetVirtualFunction': no matching overloaded function found (compiling source file SpoofedConvar.cpp)
c:\users\xboom\desktop\ac fixed\ayyware csgo\apocalysecheatssc\ayyware csgo\Materials.h(227): error C2770: invalid explicit template argument(s) for 'Fn GetVirtualFunction(void *,int)' (compiling source file SpoofedConvar.cpp)
  c:\users\xboom\desktop\ac fixed\ayyware csgo\apocalysecheatssc\ayyware csgo\Materials.h(217): note: see declaration of 'GetVirtualFunction' (compiling source file SpoofedConvar.cpp)
c:\users\xboom\desktop\ac fixed\ayyware csgo\apocalysecheatssc\ayyware csgo\Entities.h(780): error C2504: 'IClientUnknown': base class undefined (compiling source file UTIL Functions.cpp)
c:\users\xboom\desktop\ac fixed\ayyware csgo\apocalysecheatssc\ayyware csgo\Entities.h(780): error C2504: 'IClientRenderable': base class undefined (compiling source file UTIL Functions.cpp)
c:\users\xboom\desktop\ac fixed\ayyware csgo\apocalysecheatssc\ayyware csgo\Entities.h(780): error C2504: 'IClientNetworkable': base class undefined (compiling source file UTIL Functions.cpp)
c:\users\xboom\desktop\ac fixed\ayyware csgo\apocalysecheatssc\ayyware csgo\Entities.h(788): error C2440: 'return': cannot convert from 'PDWORD' to 'DWORD' (compiling source file UTIL Functions.cpp)
  c:\users\xboom\desktop\ac fixed\ayyware csgo\apocalysecheatssc\ayyware csgo\Entities.h(788): note: There is no context in which this conversion is possible (compiling source file UTIL Functions.cpp)
c:\users\xboom\desktop\ac fixed\ayyware csgo\apocalysecheatssc\ayyware csgo\Entities.h(792): error C2440: 'return': cannot convert from 'PDWORD' to 'DWORD' (compiling source file UTIL Functions.cpp)
  c:\users\xboom\desktop\ac fixed\ayyware csgo\apocalysecheatssc\ayyware csgo\Entities.h(792): note: There is no context in which this conversion is possible (compiling source file UTIL Functions.cpp)
c:\users\xboom\desktop\ac fixed\ayyware csgo\apocalysecheatssc\ayyware csgo\Entities.h(795): error C2664: 'void (void *,const char *,IClientUnknown *)': cannot convert argument 3 from 'IClientUnknown' to 'IClientUnknown *' (compiling source file UTIL Functions.cpp)
  c:\users\xboom\desktop\ac fixed\ayyware csgo\apocalysecheatssc\ayyware csgo\Entities.h(795): note: use of undefined type 'IClientUnknown' (compiling source file UTIL Functions.cpp)
  c:\users\xboom\desktop\ac fixed\ayyware csgo\apocalysecheatssc\ayyware csgo\Entities.h(30): note: see declaration of 'IClientUnknown' (compiling source file UTIL Functions.cpp)
c:\users\xboom\desktop\ac fixed\ayyware csgo\apocalysecheatssc\ayyware csgo\Entities.h(795): error C2664: 'void (void *,const char *,IClientUnknown *)': cannot convert argument 2 from 'const char' to 'const char *' (compiling source file UTIL Functions.cpp)
  c:\users\xboom\desktop\ac fixed\ayyware csgo\apocalysecheatssc\ayyware csgo\Entities.h(795): note: Conversion from integral type to pointer type requires reinterpret_cast, C-style cast or function-style cast (compiling source file UTIL Functions.cpp)
c:\users\xboom\desktop\ac fixed\ayyware csgo\apocalysecheatssc\ayyware csgo\Materials.h(227): error C2860: 'void' cannot be an argument type, except for '(void)' (compiling source file UTIL Functions.cpp)
c:\users\xboom\desktop\ac fixed\ayyware csgo\apocalysecheatssc\ayyware csgo\Materials.h(227): error C3865: '__thiscall': can only be used on native member functions (compiling source file UTIL Functions.cpp)
c:\users\xboom\desktop\ac fixed\ayyware csgo\apocalysecheatssc\ayyware csgo\Materials.h(227): error C2672: 'GetVirtualFunction': no matching overloaded function found (compiling source file UTIL Functions.cpp)
c:\users\xboom\desktop\ac fixed\ayyware csgo\apocalysecheatssc\ayyware csgo\Materials.h(227): error C2770: invalid explicit template argument(s) for 'Fn GetVirtualFunction(void *,int)' (compiling source file UTIL Functions.cpp)
  c:\users\xboom\desktop\ac fixed\ayyware csgo\apocalysecheatssc\ayyware csgo\Materials.h(217): note: see declaration of 'GetVirtualFunction' (compiling source file UTIL Functions.cpp)
c:\users\xboom\desktop\ac fixed\ayyware csgo\apocalysecheatssc\ayyware csgo\Entities.h(780): error C2504: 'IClientUnknown': base class undefined (compiling source file Visual.cpp)
c:\users\xboom\desktop\ac fixed\ayyware csgo\apocalysecheatssc\ayyware csgo\Entities.h(780): error C2504: 'IClientRenderable': base class undefined (compiling source file Visual.cpp)
c:\users\xboom\desktop\ac fixed\ayyware csgo\apocalysecheatssc\ayyware csgo\Entities.h(780): error C2504: 'IClientNetworkable': base class undefined (compiling source file Visual.cpp)
c:\users\xboom\desktop\ac fixed\ayyware csgo\apocalysecheatssc\ayyware csgo\Entities.h(788): error C2440: 'return': cannot convert from 'PDWORD' to 'DWORD' (compiling source file Visual.cpp)
  c:\users\xboom\desktop\ac fixed\ayyware csgo\apocalysecheatssc\ayyware csgo\Entities.h(788): note: There is no context in which this conversion is possible (compiling source file Visual.cpp)
c:\users\xboom\desktop\ac fixed\ayyware csgo\apocalysecheatssc\ayyware csgo\Entities.h(792): error C2440: 'return': cannot convert from 'PDWORD' to 'DWORD' (compiling source file Visual.cpp)
  c:\users\xboom\desktop\ac fixed\ayyware csgo\apocalysecheatssc\ayyware csgo\Entities.h(792): note: There is no context in which this conversion is possible (compiling source file Visual.cpp)
c:\users\xboom\desktop\ac fixed\ayyware csgo\apocalysecheatssc\ayyware csgo\Entities.h(795): error C2664: 'void (void *,const char *,IClientUnknown *)': cannot convert argument 3 from 'IClientUnknown' to 'IClientUnknown *' (compiling source file Visual.cpp)
  c:\users\xboom\desktop\ac fixed\ayyware csgo\apocalysecheatssc\ayyware csgo\Entities.h(795): note: use of undefined type 'IClientUnknown' (compiling source file Visual.cpp)
  c:\users\xboom\desktop\ac fixed\ayyware csgo\apocalysecheatssc\ayyware csgo\Entities.h(30): note: see declaration of 'IClientUnknown' (compiling source file Visual.cpp)
c:\users\xboom\desktop\ac fixed\ayyware csgo\apocalysecheatssc\ayyware csgo\Entities.h(795): error C2664: 'void (void *,const char *,IClientUnknown *)': cannot convert argument 2 from 'const char' to 'const char *' (compiling source file Visual.cpp)
  c:\users\xboom\desktop\ac fixed\ayyware csgo\apocalysecheatssc\ayyware csgo\Entities.h(795): note: Conversion from integral type to pointer type requires reinterpret_cast, C-style cast or function-style cast (compiling source file Visual.cpp)
c:\users\xboom\desktop\ac fixed\ayyware csgo\apocalysecheatssc\ayyware csgo\Materials.h(227): error C2860: 'void' cannot be an argument type, except for '(void)' (compiling source file Visual.cpp)
c:\users\xboom\desktop\ac fixed\ayyware csgo\apocalysecheatssc\ayyware csgo\Materials.h(227): error C3865: '__thiscall': can only be used on native member functions (compiling source file Visual.cpp)
c:\users\xboom\desktop\ac fixed\ayyware csgo\apocalysecheatssc\ayyware csgo\Materials.h(227): error C2672: 'GetVirtualFunction': no matching overloaded function found (compiling source file Visual.cpp)
c:\users\xboom\desktop\ac fixed\ayyware csgo\apocalysecheatssc\ayyware csgo\Materials.h(227): error C2770: invalid explicit template argument(s) for 'Fn GetVirtualFunction(void *,int)' (compiling source file Visual.cpp)
  c:\users\xboom\desktop\ac fixed\ayyware csgo\apocalysecheatssc\ayyware csgo\Materials.h(217): note: see declaration of 'GetVirtualFunction' (compiling source file Visual.cpp)
c:\users\xboom\desktop\ac fixed\ayyware csgo\apocalysecheatssc\ayyware csgo\Entities.h(780): error C2504: 'IClientUnknown': base class undefined (compiling source file Window.cpp)
c:\users\xboom\desktop\ac fixed\ayyware csgo\apocalysecheatssc\ayyware csgo\Entities.h(780): error C2504: 'IClientRenderable': base class undefined (compiling source file Window.cpp)
c:\users\xboom\desktop\ac fixed\ayyware csgo\apocalysecheatssc\ayyware csgo\Entities.h(780): error C2504: 'IClientNetworkable': base class undefined (compiling source file Window.cpp)
c:\users\xboom\desktop\ac fixed\ayyware csgo\apocalysecheatssc\ayyware csgo\Entities.h(788): error C2440: 'return': cannot convert from 'PDWORD' to 'DWORD' (compiling source file Window.cpp)
  c:\users\xboom\desktop\ac fixed\ayyware csgo\apocalysecheatssc\ayyware csgo\Entities.h(788): note: There is no context in which this conversion is possible (compiling source file Window.cpp)
c:\users\xboom\desktop\ac fixed\ayyware csgo\apocalysecheatssc\ayyware csgo\Entities.h(792): error C2440: 'return': cannot convert from 'PDWORD' to 'DWORD' (compiling source file Window.cpp)
  c:\users\xboom\desktop\ac fixed\ayyware csgo\apocalysecheatssc\ayyware csgo\Entities.h(792): note: There is no context in which this conversion is possible (compiling source file Window.cpp)
c:\users\xboom\desktop\ac fixed\ayyware csgo\apocalysecheatssc\ayyware csgo\Entities.h(795): error C2664: 'void (void *,const char *,IClientUnknown *)': cannot convert argument 3 from 'IClientUnknown' to 'IClientUnknown *' (compiling source file Window.cpp)
  c:\users\xboom\desktop\ac fixed\ayyware csgo\apocalysecheatssc\ayyware csgo\Entities.h(795): note: use of undefined type 'IClientUnknown' (compiling source file Window.cpp)
  c:\users\xboom\desktop\ac fixed\ayyware csgo\apocalysecheatssc\ayyware csgo\Entities.h(30): note: see declaration of 'IClientUnknown' (compiling source file Window.cpp)
c:\users\xboom\desktop\ac fixed\ayyware csgo\apocalysecheatssc\ayyware csgo\Entities.h(795): error C2664: 'void (void *,const char *,IClientUnknown *)': cannot convert argument 2 from 'const char' to 'const char *' (compiling source file Window.cpp)
  c:\users\xboom\desktop\ac fixed\ayyware csgo\apocalysecheatssc\ayyware csgo\Entities.h(795): note: Conversion from integral type to pointer type requires reinterpret_cast, C-style cast or function-style cast (compiling source file Window.cpp)
c:\users\xboom\desktop\ac fixed\ayyware csgo\apocalysecheatssc\ayyware csgo\Materials.h(227): error C2860: 'void' cannot be an argument type, except for '(void)' (compiling source file Window.cpp)
c:\users\xboom\desktop\ac fixed\ayyware csgo\apocalysecheatssc\ayyware csgo\Materials.h(227): error C3865: '__thiscall': can only be used on native member functions (compiling source file Window.cpp)
c:\users\xboom\desktop\ac fixed\ayyware csgo\apocalysecheatssc\ayyware csgo\Materials.h(227): error C2672: 'GetVirtualFunction': no matching overloaded function found (compiling source file Window.cpp)
c:\users\xboom\desktop\ac fixed\ayyware csgo\apocalysecheatssc\ayyware csgo\Materials.h(227): error C2770: invalid explicit template argument(s) for 'Fn GetVirtualFunction(void *,int)' (compiling source file Window.cpp)
  c:\users\xboom\desktop\ac fixed\ayyware csgo\apocalysecheatssc\ayyware csgo\Materials.h(217): note: see declaration of 'GetVirtualFunction' (compiling source file Window.cpp)
