c:\users\xboom\desktop\l\ayyware csgo\release\controls.obj
c:\users\xboom\desktop\l\ayyware csgo\release\gui.obj
c:\users\xboom\desktop\l\ayyware csgo\release\interfaces.obj
c:\users\xboom\desktop\l\ayyware csgo\release\metainfo.obj
c:\users\xboom\desktop\l\ayyware csgo\release\offsets.obj
c:\users\xboom\desktop\l\ayyware csgo\release\rendermanager.obj
c:\users\xboom\desktop\l\ayyware csgo\release\utilities.obj
c:\users\xboom\desktop\l\ayyware csgo\release\autowall.obj
c:\users\xboom\desktop\l\ayyware csgo\release\dumping.obj
c:\users\xboom\desktop\l\ayyware csgo\release\hacks.obj
c:\users\xboom\desktop\l\ayyware csgo\release\mathfunctions.obj
c:\users\xboom\desktop\l\ayyware csgo\release\netvarmanager.obj
c:\users\xboom\desktop\l\ayyware csgo\release\spoofedconvar.obj
c:\users\xboom\desktop\l\ayyware csgo\release\window.obj
c:\users\xboom\desktop\l\ayyware csgo\release\chams.obj
c:\users\xboom\desktop\l\ayyware csgo\release\crc32.obj
c:\users\xboom\desktop\l\ayyware csgo\release\dllmain.obj
c:\users\xboom\desktop\l\ayyware csgo\release\hooks.obj
c:\users\xboom\desktop\l\ayyware csgo\release\menu.obj
c:\users\xboom\desktop\l\ayyware csgo\release\netvars.obj
c:\users\xboom\desktop\l\ayyware csgo\release\resolver.obj
c:\users\xboom\desktop\l\ayyware csgo\release\visual.obj
c:\users\xboom\desktop\l\ayyware csgo\release\antiantiaim.obj
c:\users\xboom\desktop\l\ayyware csgo\release\esp.obj
c:\users\xboom\desktop\l\ayyware csgo\release\reflectiveloader.obj
c:\users\xboom\desktop\l\ayyware csgo\release\legitbot.obj
c:\users\xboom\desktop\l\ayyware csgo\release\mischacks.obj
c:\users\xboom\desktop\l\ayyware csgo\release\ragebot.obj
c:\users\xboom\desktop\l\ayyware csgo\release\tinyxml2.obj
c:\users\xboom\desktop\l\ayyware csgo\release\util functions.obj
c:\users\xboom\desktop\l\ayyware csgo\release\vc140.pdb
c:\users\xboom\desktop\l\ayyware csgo\release\ayyware csgo.tlog\cl.command.1.tlog
c:\users\xboom\desktop\l\ayyware csgo\release\ayyware csgo.tlog\cl.read.1.tlog
c:\users\xboom\desktop\l\ayyware csgo\release\ayyware csgo.tlog\cl.write.1.tlog
c:\users\xboom\desktop\l\ayyware csgo\release\ayyware csgo.tlog\link.command.1.tlog
c:\users\xboom\desktop\l\ayyware csgo\release\ayyware csgo.tlog\link.read.1.tlog
